16:06:08.295 [main                     ] DEBUG Logger               - Configured Logger
16:06:08.298 [main                     ] DEBUG GameApplication      - Logging settings
Title: SPLATMAN
Version: 1.0?
Width: 1280
Height: 720
Fullscreen: true
Intro: false
Profiling: false
Single step:false
App Mode: DEVELOPER
Menu Key: ESCAPE
Stage Style: DECORATED
Scene Factory: class Bomberman.GameApp$1

16:06:08.895 [JavaFX Application Thread] DEBUG FXGLApplication      - Initializing FXGL
16:06:08.898 [JavaFX Application Thread] INFO  Engine               - FXGL-11.17 (16.07.2021 15.46) on WINDOWS (J:17.0.4.1 FX:16)
16:06:08.899 [JavaFX Application Thread] DEBUG Engine               - JRE Vendor Name: Eclipse Adoptium
16:06:08.899 [JavaFX Application Thread] DEBUG Engine               - Running on OS: Windows 11 version 10.0
16:06:08.899 [JavaFX Application Thread] DEBUG Engine               - Architecture: amd64
16:06:08.899 [JavaFX Application Thread] INFO  Engine               - Source code and latest versions at: https://github.com/AlmasB/FXGL
16:06:08.899 [JavaFX Application Thread] INFO  Engine               -              Join the FXGL chat at: https://gitter.im/AlmasB/FXGL
16:06:08.982 [JavaFX Application Thread] DEBUG PrimaryStageWindow   - Creating a JavaFX scene
16:06:09.008 [JavaFX Application Thread] DEBUG PrimaryStageWindow   - Target settings size: 1280.0 x 720.0
16:06:09.008 [JavaFX Application Thread] DEBUG PrimaryStageWindow   - Scaled scene size:    1280.0 x 720.0
16:06:09.008 [JavaFX Application Thread] DEBUG PrimaryStageWindow   - Scaled ratio: (1.0, 1.0)
16:06:09.009 [JavaFX Application Thread] DEBUG PrimaryStageWindow   - Set initial scene to FXGLStartupScene
16:06:09.013 [JavaFX Application Thread] DEBUG PrimaryStageWindow   - Opening main window
16:06:09.074 [JavaFX Application Thread] DEBUG PrimaryStageWindow   - Window border size: (14.4000244140625, 37.5999755859375)
16:06:09.074 [JavaFX Application Thread] DEBUG PrimaryStageWindow   - Scaled size: 1280.0 x 720.0
16:06:09.074 [JavaFX Application Thread] DEBUG PrimaryStageWindow   - Scaled ratio: (1.0, 1.0)
16:06:09.074 [JavaFX Application Thread] DEBUG PrimaryStageWindow   - Scene size: 1280.0 x 720.0
16:06:09.074 [JavaFX Application Thread] DEBUG PrimaryStageWindow   - Stage size: 1294.4000244140625 x 757.5999755859375
16:06:09.118 [JavaFX Application Thread] DEBUG PrimaryStageWindow   - Going fullscreen
16:06:09.126 [FXGL Background Thread 1 ] DEBUG Engine               - Initializing environment variables
16:06:09.162 [FXGL Background Thread 1 ] DEBUG FXGLAssetLoaderServi - User app class for loading assets: class Bomberman.GameApp
16:06:09.163 [FXGL Background Thread 1 ] DEBUG GameApplicationServi - Applying CSS: fxgl_dark.css
16:06:09.163 [FXGL Background Thread 1 ] DEBUG FXGLAssetLoaderServi - Loading from file system: jar:file:/C:/Users/THANG/.m2/repository/com/github/almasb/fxgl/11.17/fxgl-11.17.jar!/fxglassets/ui/css/fxgl_dark.css
16:06:09.192 [FXGL Background Thread 1 ] DEBUG GameApplicationServi - Initializing application scenes
16:06:09.225 [FXGL Background Thread 1 ] DEBUG GameWorld            - Game world initialized
16:06:09.265 [FXGL Background Thread 1 ] DEBUG PhysicsWorld         - Physics world initialized: appHeight=720, physics.ppm=50.0
16:06:09.265 [FXGL Background Thread 1 ] DEBUG PhysicsWorld         - Using strategy: BRUTE_FORCE
16:06:09.268 [FXGL Background Thread 1 ] DEBUG GameScene            - Game scene initialized: 1280x720
16:06:09.353 [FXGL Background Thread 1 ] DEBUG GameApplicationServi - Application scenes initialized
16:06:09.359 [FXGL Background Thread 1 ] DEBUG SystemBundleService  - Loading FXGL system data
16:06:09.362 [FXGL Background Thread 1 ] DEBUG FileSystemAccess     - Reading from: C:\Users\THANG\Documents\GitHub\Bomberman-master\system\fxgl.bundle
16:06:09.367 [FXGL Background Thread 1 ] DEBUG SystemBundleService  - Bundle FXGL: {}
16:06:09.367 [FXGL Background Thread 1 ] DEBUG UpdaterService       - Checking for updates
16:06:09.372 [FXGL Background Thread 4 ] DEBUG FXGLApplication      - Loading fonts
16:06:09.372 [FXGL Background Thread 4 ] DEBUG FXGLAssetLoaderServi - Loading from file system: file:/C:/Users/THANG/Documents/GitHub/Bomberman-master/target/classes/assets/ui/fonts/game_font.ttf
16:06:09.372 [FXGL Background Thread 1 ] DEBUG FXGLApplication      - Loading default localization
16:06:09.373 [FXGL Background Thread 1 ] DEBUG FXGLAssetLoaderServi - Loading from file system: jar:file:/C:/Users/THANG/.m2/repository/com/github/almasb/fxgl/11.17/fxgl-11.17.jar!/fxglassets/languages/english.lang
16:06:09.384 [FXGL Background Thread 1 ] INFO  FXGLApplication      - FXGL initialization took: 0.258 sec
16:06:09.393 [JavaFX Application Thread] DEBUG Input                - Registered new binding: Move Up - W
16:06:09.394 [JavaFX Application Thread] DEBUG Input                - Registered new binding: Move Down - S
16:06:09.394 [JavaFX Application Thread] DEBUG Input                - Registered new binding: Move Left - A
16:06:09.394 [JavaFX Application Thread] DEBUG Input                - Registered new binding: Move Right - D
16:06:09.394 [JavaFX Application Thread] DEBUG Input                - Registered new binding: Place Bomb - Space
16:06:09.394 [JavaFX Application Thread] DEBUG FXGLAssetLoaderServi - Loading from file system: file:/C:/Users/THANG/Documents/GitHub/Bomberman-master/target/classes/assets/music/stage_theme.mp3
16:06:09.428 [FXGL Background Thread 4 ] DEBUG FXGLAssetLoaderServi - Loading from file system: jar:file:/C:/Users/THANG/.m2/repository/com/github/almasb/fxgl/11.17/fxgl-11.17.jar!/fxglassets/ui/fonts/Abel-Regular.ttf
16:06:09.431 [FXGL Background Thread 4 ] DEBUG FXGLAssetLoaderServi - Loading from file system: jar:file:/C:/Users/THANG/.m2/repository/com/github/almasb/fxgl/11.17/fxgl-11.17.jar!/fxglassets/ui/fonts/lucida_console.ttf
16:06:09.435 [FXGL Background Thread 4 ] DEBUG FXGLAssetLoaderServi - Loading from file system: jar:file:/C:/Users/THANG/.m2/repository/com/github/almasb/fxgl/11.17/fxgl-11.17.jar!/fxglassets/ui/fonts/Courier-Prime.ttf
16:06:09.511 [JavaFX Application Thread] DEBUG AudioPlayer          - Playing music com.almasb.fxgl.audio.Music@479ef6fd
16:06:09.513 [JavaFX Application Thread] DEBUG FXGLAssetLoaderServi - Loading from file system: jar:file:/C:/Users/THANG/.m2/repository/com/github/almasb/fxgl/11.17/fxgl-11.17.jar!/fxglassets/textures/fxgl_icon.png
16:06:09.530 [JavaFX Application Thread] DEBUG FXGLAssetLoaderServi - Loading from file system: jar:file:/C:/Users/THANG/.m2/repository/com/github/almasb/fxgl/11.17/fxgl-11.17.jar!/fxglassets/textures/fxgl_default_cursor.png
16:06:09.532 [JavaFX Application Thread] DEBUG Input                - Registered new binding: Screenshot - CTRL+8
16:06:09.533 [JavaFX Application Thread] DEBUG Input                - Registered new binding: System info dump - CTRL+9
16:06:09.533 [JavaFX Application Thread] DEBUG Input                - Registered new binding: Restart - CTRL+R
16:06:09.533 [JavaFX Application Thread] DEBUG Input                - Registered new binding: Toggle Debug Camera - CTRL+C
16:06:09.535 [JavaFX Application Thread] DEBUG LoopRunner           - Starting loop
16:06:09.535 [JavaFX Application Thread] DEBUG LoopRunner           - Initializing JavaFX AnimationTimerLoop
16:06:09.537 [JavaFX Application Thread] DEBUG Input                - Clearing active input actions
16:06:09.542 [JavaFX Application Thread] DEBUG GameApplicationServi - Removing overlay from FXGLStartupScene and adding to FXGLMainMenuDummyScene
16:06:09.542 [JavaFX Application Thread] DEBUG PrimaryStageWindow   - FXGLStartupScene -> FXGLMainMenuDummyScene
16:06:09.542 [JavaFX Application Thread] DEBUG PrimaryStageWindow   - Push state: MainMenu
16:06:09.543 [JavaFX Application Thread] DEBUG Input                - Clearing active input actions
16:06:09.546 [JavaFX Application Thread] DEBUG GameApplicationServi - Removing overlay from FXGLMainMenuDummyScene and adding to MainMenu
16:06:09.546 [JavaFX Application Thread] DEBUG PrimaryStageWindow   - FXGLMainMenuDummyScene -> MainMenu
16:06:09.546 [JavaFX Application Thread] DEBUG FXGLApplication      - Registering font factories with UI factory
16:06:10.034 [FXGL Background Thread 2 ] INFO  UpdaterService       - Your current version:  11.17
16:06:10.034 [FXGL Background Thread 2 ] INFO  UpdaterService       - Latest stable version: 17.2
16:06:12.371 [FXGL Background Thread 3 ] DEBUG Engine               - Logging environment variables
16:06:12.371 [FXGL Background Thread 3 ] DEBUG Engine               - achievements: []
16:06:12.371 [FXGL Background Thread 3 ] DEBUG Engine               - actualHeight: 864.0
16:06:12.371 [FXGL Background Thread 3 ] DEBUG Engine               - actualHeightProperty: ReadOnlyDoubleProperty [value: 864.0]
16:06:12.371 [FXGL Background Thread 3 ] DEBUG Engine               - actualWidth: 1536.0
16:06:12.371 [FXGL Background Thread 3 ] DEBUG Engine               - actualWidthProperty: ReadOnlyDoubleProperty [value: 1536.0]
16:06:12.371 [FXGL Background Thread 3 ] DEBUG Engine               - appIcon: fxgl_icon.png
16:06:12.371 [FXGL Background Thread 3 ] DEBUG Engine               - applicationMode: DEVELOPER
16:06:12.371 [FXGL Background Thread 3 ] DEBUG Engine               - cSSList: [fxgl_dark.css]
16:06:12.371 [FXGL Background Thread 3 ] DEBUG Engine               - collisionDetectionStrategy: BRUTE_FORCE
16:06:12.371 [FXGL Background Thread 3 ] DEBUG Engine               - configClass: Optional.empty
16:06:12.371 [FXGL Background Thread 3 ] DEBUG Engine               - credits: []
16:06:12.372 [FXGL Background Thread 3 ] DEBUG Engine               - defaultCursor: CursorInfo(imageName=fxgl_default_cursor.png, hotspotX=7.0, hotspotY=6.0)
16:06:12.372 [FXGL Background Thread 3 ] DEBUG Engine               - devBBoxColorProperty: ObjectProperty [value: 0xff0000ff]
16:06:12.372 [FXGL Background Thread 3 ] DEBUG Engine               - devEnableDebugCameraProperty: BooleanProperty [value: false]
16:06:12.372 [FXGL Background Thread 3 ] DEBUG Engine               - devSensorColorProperty: ObjectProperty [value: 0xffff00ff]
16:06:12.372 [FXGL Background Thread 3 ] DEBUG Engine               - devShowBBoxProperty: BooleanProperty [value: false]
16:06:12.372 [FXGL Background Thread 3 ] DEBUG Engine               - devShowPositionProperty: BooleanProperty [value: false]
16:06:12.372 [FXGL Background Thread 3 ] DEBUG Engine               - enabledMenuItems: []
16:06:12.372 [FXGL Background Thread 3 ] DEBUG Engine               - engineServices: [class com.almasb.fxgl.app.services.FXGLAssetLoaderService, class com.almasb.fxgl.app.FXGLApplication$GameApplicationService, class com.almasb.fxgl.app.services.FXGLDialogService, class com.almasb.fxgl.app.services.IOTaskExecutorService, class com.almasb.fxgl.io.FileSystemService, class com.almasb.fxgl.localization.LocalizationService, class com.almasb.fxgl.app.services.SystemBundleService, class com.almasb.fxgl.profile.SaveLoadService, class com.almasb.fxgl.ui.FXGLUIFactoryServiceProvider, class com.almasb.fxgl.ui.FXGLDialogFactoryServiceProvider, class com.almasb.fxgl.audio.AudioPlayer, class com.almasb.fxgl.notification.impl.NotificationServiceProvider, class com.almasb.fxgl.achievement.AchievementService, class com.almasb.fxgl.cutscene.CutsceneService, class com.almasb.fxgl.minigames.MiniGameService, class com.almasb.fxgl.net.NetService, class com.almasb.fxgl.app.services.UpdaterService, class com.almasb.fxgl.dev.DevService]
16:06:12.372 [FXGL Background Thread 3 ] DEBUG Engine               - fontGame: Abel-Regular.ttf
16:06:12.372 [FXGL Background Thread 3 ] DEBUG Engine               - fontMono: lucida_console.ttf
16:06:12.372 [FXGL Background Thread 3 ] DEBUG Engine               - fontText: Courier-Prime.ttf
16:06:12.372 [FXGL Background Thread 3 ] DEBUG Engine               - fontUI: game_font.ttf
16:06:12.372 [FXGL Background Thread 3 ] DEBUG Engine               - fullScreen: BooleanProperty [value: true]
16:06:12.372 [FXGL Background Thread 3 ] DEBUG Engine               - gameDifficulty: MEDIUM
16:06:12.372 [FXGL Background Thread 3 ] DEBUG Engine               - gameDifficultyProperty: ObjectProperty [value: MEDIUM]
16:06:12.372 [FXGL Background Thread 3 ] DEBUG Engine               - globalMusicVolume: 0.5
16:06:12.372 [FXGL Background Thread 3 ] DEBUG Engine               - globalMusicVolumeProperty: DoubleProperty [value: 0.5]
16:06:12.372 [FXGL Background Thread 3 ] DEBUG Engine               - globalSoundVolume: 0.5
16:06:12.373 [FXGL Background Thread 3 ] DEBUG Engine               - globalSoundVolumeProperty: DoubleProperty [value: 0.5]
16:06:12.373 [FXGL Background Thread 3 ] DEBUG Engine               - height: 720
16:06:12.373 [FXGL Background Thread 3 ] DEBUG Engine               - is3D: false
16:06:12.373 [FXGL Background Thread 3 ] DEBUG Engine               - isAndroid: false
16:06:12.373 [FXGL Background Thread 3 ] DEBUG Engine               - isBrowser: false
16:06:12.373 [FXGL Background Thread 3 ] DEBUG Engine               - isClickFeedbackEnabled: false
16:06:12.373 [FXGL Background Thread 3 ] DEBUG Engine               - isCloseConfirmation: false
16:06:12.373 [FXGL Background Thread 3 ] DEBUG Engine               - isDesktop: true
16:06:12.373 [FXGL Background Thread 3 ] DEBUG Engine               - isDeveloperMenuEnabled: false
16:06:12.373 [FXGL Background Thread 3 ] DEBUG Engine               - isEntityPreloadEnabled: true
16:06:12.373 [FXGL Background Thread 3 ] DEBUG Engine               - isExperimentalTiledLargeMap: false
16:06:12.373 [FXGL Background Thread 3 ] DEBUG Engine               - isFileSystemWriteAllowed: true
16:06:12.373 [FXGL Background Thread 3 ] DEBUG Engine               - isFullScreenAllowed: true
16:06:12.373 [FXGL Background Thread 3 ] DEBUG Engine               - isFullScreenFromStart: true
16:06:12.373 [FXGL Background Thread 3 ] DEBUG Engine               - isGameMenuEnabled: true
16:06:12.373 [FXGL Background Thread 3 ] DEBUG Engine               - isIOS: false
16:06:12.373 [FXGL Background Thread 3 ] DEBUG Engine               - isIntroEnabled: false
16:06:12.373 [FXGL Background Thread 3 ] DEBUG Engine               - isLinux: false
16:06:12.373 [FXGL Background Thread 3 ] DEBUG Engine               - isMac: false
16:06:12.373 [FXGL Background Thread 3 ] DEBUG Engine               - isMainMenuEnabled: true
16:06:12.373 [FXGL Background Thread 3 ] DEBUG Engine               - isManualResizeEnabled: false
16:06:12.373 [FXGL Background Thread 3 ] DEBUG Engine               - isMobile: false
16:06:12.373 [FXGL Background Thread 3 ] DEBUG Engine               - isNative: false
16:06:12.373 [FXGL Background Thread 3 ] DEBUG Engine               - isPauseMusicWhenMinimized: true
16:06:12.374 [FXGL Background Thread 3 ] DEBUG Engine               - isPreserveResizeRatio: false
16:06:12.374 [FXGL Background Thread 3 ] DEBUG Engine               - isProfilingEnabled: false
16:06:12.374 [FXGL Background Thread 3 ] DEBUG Engine               - isScaleAffectedOnResize: true
16:06:12.374 [FXGL Background Thread 3 ] DEBUG Engine               - isSingleStep: false
16:06:12.374 [FXGL Background Thread 3 ] DEBUG Engine               - isUserProfileEnabled: false
16:06:12.374 [FXGL Background Thread 3 ] DEBUG Engine               - isWindows: true
16:06:12.374 [FXGL Background Thread 3 ] DEBUG Engine               - language: ObjectProperty [value: ENGLISH]
16:06:12.374 [FXGL Background Thread 3 ] DEBUG Engine               - menuKey: ESCAPE
16:06:12.374 [FXGL Background Thread 3 ] DEBUG Engine               - mouseSensitivity: 0.2
16:06:12.374 [FXGL Background Thread 3 ] DEBUG Engine               - notificationViewClass: class com.almasb.fxgl.notification.view.XboxNotificationView
16:06:12.374 [FXGL Background Thread 3 ] DEBUG Engine               - pixelsPerMeter: 50.0
16:06:12.374 [FXGL Background Thread 3 ] DEBUG Engine               - platform: WINDOWS
16:06:12.374 [FXGL Background Thread 3 ] DEBUG Engine               - prefHeightProperty: ReadOnlyDoubleProperty [value: 720.0]
16:06:12.374 [FXGL Background Thread 3 ] DEBUG Engine               - prefWidthProperty: ReadOnlyDoubleProperty [value: 1280.0]
16:06:12.374 [FXGL Background Thread 3 ] DEBUG Engine               - profileDir: profiles/
16:06:12.374 [FXGL Background Thread 3 ] DEBUG Engine               - profileName: StringProperty [value: DEFAULT]
16:06:12.374 [FXGL Background Thread 3 ] DEBUG Engine               - randomSeed: -1
16:06:12.374 [FXGL Background Thread 3 ] DEBUG Engine               - runtimeInfo: RuntimeInfo(platform=WINDOWS, version=11.17, build=16.07.2021 15.46)
16:06:12.374 [FXGL Background Thread 3 ] DEBUG Engine               - saveFileExt: sav
16:06:12.374 [FXGL Background Thread 3 ] DEBUG Engine               - scaledHeightProp$fxgl: DoubleProperty [bound, value: 864.0]
16:06:12.374 [FXGL Background Thread 3 ] DEBUG Engine               - scaledWidthProp$fxgl: DoubleProperty [bound, value: 1536.0]
16:06:12.375 [FXGL Background Thread 3 ] DEBUG Engine               - sceneFactory: Bomberman.GameApp$1@3e04ff24
16:06:12.375 [FXGL Background Thread 3 ] DEBUG Engine               - secondsIn24h: 60
16:06:12.375 [FXGL Background Thread 3 ] DEBUG Engine               - soundMenuBack: menu/back.wav
16:06:12.375 [FXGL Background Thread 3 ] DEBUG Engine               - soundMenuPress: menu/press.wav
16:06:12.375 [FXGL Background Thread 3 ] DEBUG Engine               - soundMenuSelect: menu/select.wav
16:06:12.375 [FXGL Background Thread 3 ] DEBUG Engine               - soundNotification: core/notification.wav
16:06:12.375 [FXGL Background Thread 3 ] DEBUG Engine               - stageStyle: DECORATED
16:06:12.375 [FXGL Background Thread 3 ] DEBUG Engine               - supportedLanguages: [ENGLISH, FRENCH, GERMAN, HUNGARIAN, RUSSIAN]
16:06:12.375 [FXGL Background Thread 3 ] DEBUG Engine               - ticksPerSecond: -1
16:06:12.375 [FXGL Background Thread 3 ] DEBUG Engine               - title: SPLATMAN
16:06:12.375 [FXGL Background Thread 3 ] DEBUG Engine               - urlGithub: https://github.com/AlmasB/FXGL
16:06:12.375 [FXGL Background Thread 3 ] DEBUG Engine               - urlLeaderboard: http://fxgl-top.herokuapp.com/
16:06:12.375 [FXGL Background Thread 3 ] DEBUG Engine               - urlPOM: https://raw.githubusercontent.com/AlmasB/FXGL/release/README.md
16:06:12.375 [FXGL Background Thread 3 ] DEBUG Engine               - userAppClass: class Bomberman.GameApp
16:06:12.375 [FXGL Background Thread 3 ] DEBUG Engine               - version: 1.0?
16:06:12.375 [FXGL Background Thread 3 ] DEBUG Engine               - versionCheckDays: 7
16:06:12.375 [FXGL Background Thread 3 ] DEBUG Engine               - width: 1280
16:06:12.375 [FXGL Background Thread 3 ] DEBUG Engine               - Logging services
16:06:12.375 [FXGL Background Thread 3 ] DEBUG Engine               - class com.almasb.fxgl.app.services.FXGLAssetLoaderService
16:06:12.375 [FXGL Background Thread 3 ] DEBUG Engine               - class com.almasb.fxgl.app.FXGLApplication$GameApplicationService
16:06:12.375 [FXGL Background Thread 3 ] DEBUG Engine               - class com.almasb.fxgl.app.services.FXGLDialogService
16:06:12.376 [FXGL Background Thread 3 ] DEBUG Engine               - class com.almasb.fxgl.app.services.IOTaskExecutorService
16:06:12.376 [FXGL Background Thread 3 ] DEBUG Engine               - class com.almasb.fxgl.io.FileSystemService
16:06:12.376 [FXGL Background Thread 3 ] DEBUG Engine               - class com.almasb.fxgl.localization.LocalizationService
16:06:12.376 [FXGL Background Thread 3 ] DEBUG Engine               - class com.almasb.fxgl.app.services.SystemBundleService
16:06:12.376 [FXGL Background Thread 3 ] DEBUG Engine               - class com.almasb.fxgl.profile.SaveLoadService
16:06:12.376 [FXGL Background Thread 3 ] DEBUG Engine               - class com.almasb.fxgl.ui.FXGLUIFactoryServiceProvider
16:06:12.376 [FXGL Background Thread 3 ] DEBUG Engine               - class com.almasb.fxgl.ui.FXGLDialogFactoryServiceProvider
16:06:12.376 [FXGL Background Thread 3 ] DEBUG Engine               - class com.almasb.fxgl.audio.AudioPlayer
16:06:12.376 [FXGL Background Thread 3 ] DEBUG Engine               - class com.almasb.fxgl.notification.impl.NotificationServiceProvider
16:06:12.376 [FXGL Background Thread 3 ] DEBUG Engine               - class com.almasb.fxgl.achievement.AchievementService
16:06:12.376 [FXGL Background Thread 3 ] DEBUG Engine               - class com.almasb.fxgl.cutscene.CutsceneService
16:06:12.376 [FXGL Background Thread 3 ] DEBUG Engine               - class com.almasb.fxgl.minigames.MiniGameService
16:06:12.376 [FXGL Background Thread 3 ] DEBUG Engine               - class com.almasb.fxgl.net.NetService
16:06:12.376 [FXGL Background Thread 3 ] DEBUG Engine               - class com.almasb.fxgl.app.services.UpdaterService
16:06:12.376 [FXGL Background Thread 3 ] DEBUG Engine               - class com.almasb.fxgl.dev.DevService
16:06:16.901 [JavaFX Application Thread] DEBUG Menu                 - fireNewGame()
16:06:16.901 [JavaFX Application Thread] DEBUG GameApplicationServi - Starting new game
16:06:16.901 [JavaFX Application Thread] DEBUG PrimaryStageWindow   - Pop state: MainMenu
16:06:16.901 [JavaFX Application Thread] DEBUG Input                - Clearing active input actions
16:06:16.901 [JavaFX Application Thread] DEBUG GameApplicationServi - Removing overlay from MainMenu and adding to FXGLMainMenuDummyScene
16:06:16.902 [JavaFX Application Thread] DEBUG PrimaryStageWindow   - FXGLMainMenuDummyScene <- MainMenu
16:06:16.902 [JavaFX Application Thread] DEBUG Input                - Clearing active input actions
16:06:16.906 [JavaFX Application Thread] DEBUG GameApplicationServi - Removing overlay from FXGLMainMenuDummyScene and adding to FXGLLoadingScene
16:06:16.906 [JavaFX Application Thread] DEBUG PrimaryStageWindow   - FXGLMainMenuDummyScene -> FXGLLoadingScene
16:06:16.906 [JavaFX Application Thread] DEBUG GameApplicationServi - Clearing previous game
16:06:16.906 [JavaFX Application Thread] DEBUG GameScene            - Clearing game scene
16:06:16.906 [JavaFX Application Thread] DEBUG GameWorld            - Clearing game world
16:06:16.906 [JavaFX Application Thread] DEBUG PhysicsWorld         - Clearing physics world
16:06:16.908 [FXGL Background Thread 2 ] DEBUG FXGLApplication      - Initializing game
16:06:16.930 [FXGL Background Thread 2 ] WARN  TMXLevelLoader       - TiledMap generated from 1.7.2. Supported version: 1.2.3. Some features may not be parsed fully.
16:06:16.948 [FXGL Background Thread 2 ] DEBUG TMXLevelLoader       - Parsed TiledMap: file:/C:/Users/THANG/Documents/GitHub/Bomberman-master/target/classes/assets/levels/level1.tmx
16:06:16.949 [FXGL Background Thread 2 ] DEBUG TMXLevelLoader       - Creating tile layer entities
16:06:16.950 [FXGL Background Thread 2 ] DEBUG TilesetLoader        - Loading view for layer Tile Layer 1
16:06:16.952 [FXGL Background Thread 2 ] DEBUG TilesetLoader        - Created buffer with size 1488.0x720.0
16:06:16.967 [FXGL Background Thread 2 ] DEBUG TMXLevelLoader       - Creating object layer entities
16:06:16.993 [FXGL Background Thread 2 ] DEBUG FXGLAssetLoaderServi - Loading from file system: file:/C:/Users/THANG/Documents/GitHub/Bomberman-master/target/classes/assets/textures/player_die.png
16:06:16.994 [FXGL Background Thread 2 ] DEBUG FXGLAssetLoaderServi - Loading from file system: file:/C:/Users/THANG/Documents/GitHub/Bomberman-master/target/classes/assets/textures/player_down.png
16:06:16.995 [FXGL Background Thread 2 ] DEBUG FXGLAssetLoaderServi - Loading from file system: file:/C:/Users/THANG/Documents/GitHub/Bomberman-master/target/classes/assets/textures/player_right.png
16:06:16.995 [FXGL Background Thread 2 ] DEBUG FXGLAssetLoaderServi - Loading from file system: file:/C:/Users/THANG/Documents/GitHub/Bomberman-master/target/classes/assets/textures/player_up.png
16:06:16.996 [FXGL Background Thread 2 ] DEBUG FXGLAssetLoaderServi - Loading from file system: file:/C:/Users/THANG/Documents/GitHub/Bomberman-master/target/classes/assets/textures/player_left.png
16:06:16.998 [FXGL Background Thread 2 ] DEBUG FXGLAssetLoaderServi - Loading from file system: file:/C:/Users/THANG/Documents/GitHub/Bomberman-master/target/classes/assets/textures/enemy1.png
16:06:17.021 [FXGL Background Thread 2 ] DEBUG FXGLAssetLoaderServi - Loading from file system: file:/C:/Users/THANG/Documents/GitHub/Bomberman-master/target/classes/assets/textures/enemy2.png
16:06:17.026 [FXGL Background Thread 2 ] DEBUG FXGLAssetLoaderServi - Loading from file system: file:/C:/Users/THANG/Documents/GitHub/Bomberman-master/target/classes/assets/textures/brick.png
16:06:17.032 [FXGL Background Thread 2 ] DEBUG FXGLAssetLoaderServi - Loading from file system: file:/C:/Users/THANG/Documents/GitHub/Bomberman-master/target/classes/assets/textures/powerup_speed.png
16:06:17.033 [FXGL Background Thread 2 ] DEBUG FXGLAssetLoaderServi - Loading from file system: file:/C:/Users/THANG/Documents/GitHub/Bomberman-master/target/classes/assets/textures/powerup_bombs.png
16:06:17.046 [FXGL Background Thread 2 ] DEBUG GameWorld            - Clearing removable entities
16:06:17.047 [FXGL Background Thread 2 ] DEBUG GameWorld            - Setting level: com.almasb.fxgl.entity.level.Level@456b2b15
16:06:17.073 [FXGL Background Thread 2 ] INFO  FXGLApplication      - Game initialization took: 0.164 sec
16:06:17.073 [JavaFX Application Thread] DEBUG Input                - Clearing active input actions
16:06:17.083 [JavaFX Application Thread] DEBUG GameApplicationServi - Removing overlay from FXGLLoadingScene and adding to GameScene
16:06:17.083 [JavaFX Application Thread] DEBUG PrimaryStageWindow   - FXGLLoadingScene -> GameScene
16:06:17.088 [JavaFX Application Thread] DEBUG FXGLAssetLoaderServi - Loading from file system: file:/C:/Users/THANG/Documents/GitHub/Bomberman-master/target/classes/assets/sounds/stage_start.wav
16:06:17.101 [JavaFX Application Thread] DEBUG PrimaryStageWindow   - Push state: StageStartScene
16:06:17.102 [JavaFX Application Thread] DEBUG Input                - Clearing active input actions
16:06:17.102 [JavaFX Application Thread] DEBUG GameApplicationServi - Removing overlay from GameScene and adding to StageStartScene
16:06:17.102 [JavaFX Application Thread] DEBUG PrimaryStageWindow   - GameScene -> StageStartScene
16:06:21.096 [JavaFX Application Thread] DEBUG PrimaryStageWindow   - Pop state: StageStartScene
16:06:21.096 [JavaFX Application Thread] DEBUG Input                - Clearing active input actions
16:06:21.097 [JavaFX Application Thread] DEBUG GameApplicationServi - Removing overlay from StageStartScene and adding to GameScene
16:06:21.097 [JavaFX Application Thread] DEBUG PrimaryStageWindow   - GameScene <- StageStartScene
16:06:25.385 [JavaFX Application Thread] DEBUG FXGLAssetLoaderServi - Loading from file system: file:/C:/Users/THANG/Documents/GitHub/Bomberman-master/target/classes/assets/textures/bomb.png
16:06:25.386 [JavaFX Application Thread] DEBUG FXGLAssetLoaderServi - Loading from file system: file:/C:/Users/THANG/Documents/GitHub/Bomberman-master/target/classes/assets/sounds/place_bomb.wav
16:06:27.546 [JavaFX Application Thread] DEBUG FXGLAssetLoaderServi - Loading from file system: file:/C:/Users/THANG/Documents/GitHub/Bomberman-master/target/classes/assets/textures/top_right_flame.png
16:06:27.547 [JavaFX Application Thread] DEBUG FXGLAssetLoaderServi - Loading from file system: file:/C:/Users/THANG/Documents/GitHub/Bomberman-master/target/classes/assets/textures/top_left_flame.png
16:06:27.550 [JavaFX Application Thread] DEBUG FXGLAssetLoaderServi - Loading from file system: file:/C:/Users/THANG/Documents/GitHub/Bomberman-master/target/classes/assets/textures/top_down_flame.png
16:06:27.551 [JavaFX Application Thread] DEBUG FXGLAssetLoaderServi - Loading from file system: file:/C:/Users/THANG/Documents/GitHub/Bomberman-master/target/classes/assets/textures/top_up_flame.png
16:06:27.552 [JavaFX Application Thread] DEBUG FXGLAssetLoaderServi - Loading from file system: file:/C:/Users/THANG/Documents/GitHub/Bomberman-master/target/classes/assets/textures/central_flame.png
16:06:27.554 [JavaFX Application Thread] DEBUG FXGLAssetLoaderServi - Loading from file system: file:/C:/Users/THANG/Documents/GitHub/Bomberman-master/target/classes/assets/sounds/explosion.wav
16:06:30.046 [JavaFX Application Thread] DEBUG FXGLAssetLoaderServi - Loading from file system: file:/C:/Users/THANG/Documents/GitHub/Bomberman-master/target/classes/assets/sounds/player_die.wav
16:06:33.193 [JavaFX Application Thread] WARN  TMXLevelLoader       - TiledMap generated from 1.7.2. Supported version: 1.2.3. Some features may not be parsed fully.
16:06:33.200 [JavaFX Application Thread] DEBUG TMXLevelLoader       - Parsed TiledMap: file:/C:/Users/THANG/Documents/GitHub/Bomberman-master/target/classes/assets/levels/level1.tmx
16:06:33.200 [JavaFX Application Thread] DEBUG TMXLevelLoader       - Creating tile layer entities
16:06:33.201 [JavaFX Application Thread] DEBUG TilesetLoader        - Loading view for layer Tile Layer 1
16:06:33.204 [JavaFX Application Thread] DEBUG TilesetLoader        - Created buffer with size 1488.0x720.0
16:06:33.213 [JavaFX Application Thread] DEBUG TMXLevelLoader       - Creating object layer entities
16:06:33.237 [JavaFX Application Thread] DEBUG GameWorld            - Clearing removable entities
16:06:33.244 [JavaFX Application Thread] DEBUG GameWorld            - Setting level: com.almasb.fxgl.entity.level.Level@67b6d69b
16:06:38.720 [JavaFX Application Thread] WARN  TMXLevelLoader       - TiledMap generated from 1.7.2. Supported version: 1.2.3. Some features may not be parsed fully.
16:06:38.726 [JavaFX Application Thread] DEBUG TMXLevelLoader       - Parsed TiledMap: file:/C:/Users/THANG/Documents/GitHub/Bomberman-master/target/classes/assets/levels/level1.tmx
16:06:38.726 [JavaFX Application Thread] DEBUG TMXLevelLoader       - Creating tile layer entities
16:06:38.726 [JavaFX Application Thread] DEBUG TilesetLoader        - Loading view for layer Tile Layer 1
16:06:38.728 [JavaFX Application Thread] DEBUG TilesetLoader        - Created buffer with size 1488.0x720.0
16:06:38.734 [JavaFX Application Thread] DEBUG TMXLevelLoader       - Creating object layer entities
16:06:38.755 [JavaFX Application Thread] DEBUG GameWorld            - Clearing removable entities
16:06:38.761 [JavaFX Application Thread] DEBUG GameWorld            - Setting level: com.almasb.fxgl.entity.level.Level@52fdf225
16:06:44.421 [JavaFX Application Thread] DEBUG FXGLAssetLoaderServi - Loading from file system: file:/C:/Users/THANG/Documents/GitHub/Bomberman-master/target/classes/assets/sounds/ending.wav
16:06:44.428 [JavaFX Application Thread] DEBUG PrimaryStageWindow   - Push state: EndingScene
16:06:44.428 [JavaFX Application Thread] DEBUG Input                - Clearing active input actions
16:06:44.428 [JavaFX Application Thread] DEBUG GameApplicationServi - Removing overlay from GameScene and adding to EndingScene
16:06:44.428 [JavaFX Application Thread] DEBUG PrimaryStageWindow   - GameScene -> EndingScene
16:06:58.408 [JavaFX Application Thread] DEBUG PrimaryStageWindow   - Pop state: EndingScene
16:06:58.408 [JavaFX Application Thread] DEBUG Input                - Clearing active input actions
16:06:58.408 [JavaFX Application Thread] DEBUG GameApplicationServi - Removing overlay from EndingScene and adding to GameScene
16:06:58.408 [JavaFX Application Thread] DEBUG PrimaryStageWindow   - GameScene <- EndingScene
16:06:58.408 [JavaFX Application Thread] DEBUG Input                - Clearing active input actions
16:06:58.413 [JavaFX Application Thread] DEBUG GameApplicationServi - Removing overlay from GameScene and adding to FXGLMainMenuDummyScene
16:06:58.413 [JavaFX Application Thread] DEBUG PrimaryStageWindow   - GameScene -> FXGLMainMenuDummyScene
16:06:58.413 [JavaFX Application Thread] DEBUG PrimaryStageWindow   - Push state: MainMenu
16:06:58.413 [JavaFX Application Thread] DEBUG Input                - Clearing active input actions
16:06:58.413 [JavaFX Application Thread] DEBUG GameApplicationServi - Removing overlay from FXGLMainMenuDummyScene and adding to MainMenu
16:06:58.413 [JavaFX Application Thread] DEBUG PrimaryStageWindow   - FXGLMainMenuDummyScene -> MainMenu
16:06:59.621 [JavaFX Application Thread] DEBUG Menu                 - fireExit()
16:06:59.627 [JavaFX Application Thread] DEBUG PrimaryStageWindow   - Push state: DialogSubScene
16:06:59.628 [JavaFX Application Thread] DEBUG Input                - Clearing active input actions
16:06:59.628 [JavaFX Application Thread] DEBUG GameApplicationServi - Removing overlay from MainMenu and adding to DialogSubScene
16:06:59.628 [JavaFX Application Thread] DEBUG PrimaryStageWindow   - MainMenu -> DialogSubScene
16:07:00.562 [JavaFX Application Thread] DEBUG PrimaryStageWindow   - Pop state: DialogSubScene
16:07:00.562 [JavaFX Application Thread] DEBUG Input                - Clearing active input actions
16:07:00.562 [JavaFX Application Thread] DEBUG GameApplicationServi - Removing overlay from DialogSubScene and adding to MainMenu
16:07:00.562 [JavaFX Application Thread] DEBUG PrimaryStageWindow   - MainMenu <- DialogSubScene
16:07:00.562 [JavaFX Application Thread] DEBUG FXGLApplication      - Exiting FXGL
16:07:00.562 [JavaFX Application Thread] DEBUG LoopRunner           - Stopping loop
16:07:00.562 [JavaFX Application Thread] DEBUG SystemBundleService  - Saving FXGL system data
16:07:00.563 [JavaFX Application Thread] DEBUG FileSystemAccess     - Writing to: C:\Users\THANG\Documents\GitHub\Bomberman-master\system\fxgl.bundle
16:07:00.564 [JavaFX Application Thread] DEBUG Async                - Shutting down background threads
16:07:00.565 [JavaFX Application Thread] DEBUG PrimaryStageWindow   - Closing main window
16:07:00.587 [JavaFX Application Thread] DEBUG Logger               - Closing Logger
