15:46:32.898 [main                     ] DEBUG Logger               - Configured Logger
15:46:32.902 [main                     ] DEBUG GameApplication      - Logging settings
Title: BOMBER
 MAN
Version: 1.0
Width: 1280
Height: 720
Fullscreen: true
Intro: false
Profiling: false
Single step:false
App Mode: DEVELOPER
Menu Key: ESCAPE
Stage Style: DECORATED
Scene Factory: class Bomberman.GameApp$1

15:46:33.327 [JavaFX Application Thread] DEBUG FXGLApplication      - Initializing FXGL
15:46:33.329 [JavaFX Application Thread] INFO  Engine               - FXGL-11.17 (16.07.2021 15.46) on WINDOWS (J:17.0.4.1 FX:16)
15:46:33.329 [JavaFX Application Thread] DEBUG Engine               - JRE Vendor Name: Eclipse Adoptium
15:46:33.330 [JavaFX Application Thread] DEBUG Engine               - Running on OS: Windows 11 version 10.0
15:46:33.330 [JavaFX Application Thread] DEBUG Engine               - Architecture: amd64
15:46:33.330 [JavaFX Application Thread] INFO  Engine               - Source code and latest versions at: https://github.com/AlmasB/FXGL
15:46:33.330 [JavaFX Application Thread] INFO  Engine               -              Join the FXGL chat at: https://gitter.im/AlmasB/FXGL
15:46:33.420 [JavaFX Application Thread] DEBUG PrimaryStageWindow   - Creating a JavaFX scene
15:46:33.457 [JavaFX Application Thread] DEBUG PrimaryStageWindow   - Target settings size: 1280.0 x 720.0
15:46:33.458 [JavaFX Application Thread] DEBUG PrimaryStageWindow   - Scaled scene size:    1280.0 x 720.0
15:46:33.458 [JavaFX Application Thread] DEBUG PrimaryStageWindow   - Scaled ratio: (1.0, 1.0)
15:46:33.459 [JavaFX Application Thread] DEBUG PrimaryStageWindow   - Set initial scene to FXGLStartupScene
15:46:33.465 [JavaFX Application Thread] DEBUG PrimaryStageWindow   - Opening main window
15:46:33.548 [JavaFX Application Thread] DEBUG PrimaryStageWindow   - Window border size: (14.4000244140625, 37.5999755859375)
15:46:33.548 [JavaFX Application Thread] DEBUG PrimaryStageWindow   - Scaled size: 1280.0 x 720.0
15:46:33.548 [JavaFX Application Thread] DEBUG PrimaryStageWindow   - Scaled ratio: (1.0, 1.0)
15:46:33.548 [JavaFX Application Thread] DEBUG PrimaryStageWindow   - Scene size: 1280.0 x 720.0
15:46:33.548 [JavaFX Application Thread] DEBUG PrimaryStageWindow   - Stage size: 1294.4000244140625 x 757.5999755859375
15:46:33.629 [JavaFX Application Thread] DEBUG PrimaryStageWindow   - Going fullscreen
15:46:33.638 [FXGL Background Thread 1 ] DEBUG Engine               - Initializing environment variables
15:46:33.693 [FXGL Background Thread 1 ] DEBUG FXGLAssetLoaderServi - User app class for loading assets: class Bomberman.GameApp
15:46:33.693 [FXGL Background Thread 1 ] DEBUG GameApplicationServi - Applying CSS: fxgl_dark.css
15:46:33.694 [FXGL Background Thread 1 ] DEBUG FXGLAssetLoaderServi - Loading from file system: jar:file:/C:/Users/THANG/.m2/repository/com/github/almasb/fxgl/11.17/fxgl-11.17.jar!/fxglassets/ui/css/fxgl_dark.css
15:46:33.734 [FXGL Background Thread 1 ] DEBUG GameApplicationServi - Initializing application scenes
15:46:33.783 [FXGL Background Thread 1 ] DEBUG GameWorld            - Game world initialized
15:46:33.832 [FXGL Background Thread 1 ] DEBUG PhysicsWorld         - Physics world initialized: appHeight=720, physics.ppm=50.0
15:46:33.833 [FXGL Background Thread 1 ] DEBUG PhysicsWorld         - Using strategy: BRUTE_FORCE
15:46:33.836 [FXGL Background Thread 1 ] DEBUG GameScene            - Game scene initialized: 1280x720
15:46:33.933 [FXGL Background Thread 1 ] DEBUG GameApplicationServi - Application scenes initialized
15:46:33.942 [FXGL Background Thread 1 ] DEBUG SystemBundleService  - Loading FXGL system data
15:46:33.945 [FXGL Background Thread 1 ] DEBUG FileSystemAccess     - Reading from: C:\Users\THANG\Documents\GitHub\Bomberman-master\system\fxgl.bundle
15:46:33.951 [FXGL Background Thread 1 ] DEBUG SystemBundleService  - Bundle FXGL: {}
15:46:33.951 [FXGL Background Thread 1 ] DEBUG UpdaterService       - Checking for updates
15:46:33.956 [FXGL Background Thread 4 ] DEBUG FXGLApplication      - Loading fonts
15:46:33.956 [FXGL Background Thread 4 ] DEBUG FXGLAssetLoaderServi - Loading from file system: file:/C:/Users/THANG/Documents/GitHub/Bomberman-master/target/classes/assets/ui/fonts/game_font.ttf
15:46:33.956 [FXGL Background Thread 1 ] DEBUG FXGLApplication      - Loading default localization
15:46:33.957 [FXGL Background Thread 1 ] DEBUG FXGLAssetLoaderServi - Loading from file system: jar:file:/C:/Users/THANG/.m2/repository/com/github/almasb/fxgl/11.17/fxgl-11.17.jar!/fxglassets/languages/english.lang
15:46:33.971 [FXGL Background Thread 1 ] INFO  FXGLApplication      - FXGL initialization took: 0.333 sec
15:46:33.994 [JavaFX Application Thread] DEBUG Input                - Registered new binding: Move Up - W
15:46:33.994 [JavaFX Application Thread] DEBUG Input                - Registered new binding: Move Down - S
15:46:33.994 [JavaFX Application Thread] DEBUG Input                - Registered new binding: Move Left - A
15:46:33.994 [JavaFX Application Thread] DEBUG Input                - Registered new binding: Move Right - D
15:46:33.995 [JavaFX Application Thread] DEBUG Input                - Registered new binding: Place Bomb - Space
15:46:33.995 [JavaFX Application Thread] DEBUG FXGLAssetLoaderServi - Loading from file system: file:/C:/Users/THANG/Documents/GitHub/Bomberman-master/target/classes/assets/music/stage_theme.mp3
15:46:34.031 [FXGL Background Thread 4 ] DEBUG FXGLAssetLoaderServi - Loading from file system: jar:file:/C:/Users/THANG/.m2/repository/com/github/almasb/fxgl/11.17/fxgl-11.17.jar!/fxglassets/ui/fonts/Abel-Regular.ttf
15:46:34.035 [FXGL Background Thread 4 ] DEBUG FXGLAssetLoaderServi - Loading from file system: jar:file:/C:/Users/THANG/.m2/repository/com/github/almasb/fxgl/11.17/fxgl-11.17.jar!/fxglassets/ui/fonts/lucida_console.ttf
15:46:34.039 [FXGL Background Thread 4 ] DEBUG FXGLAssetLoaderServi - Loading from file system: jar:file:/C:/Users/THANG/.m2/repository/com/github/almasb/fxgl/11.17/fxgl-11.17.jar!/fxglassets/ui/fonts/Courier-Prime.ttf
15:46:34.128 [JavaFX Application Thread] DEBUG AudioPlayer          - Playing music com.almasb.fxgl.audio.Music@1fc8fa0d
15:46:34.129 [JavaFX Application Thread] DEBUG FXGLAssetLoaderServi - Loading from file system: jar:file:/C:/Users/THANG/.m2/repository/com/github/almasb/fxgl/11.17/fxgl-11.17.jar!/fxglassets/textures/fxgl_icon.png
15:46:34.150 [JavaFX Application Thread] DEBUG FXGLAssetLoaderServi - Loading from file system: jar:file:/C:/Users/THANG/.m2/repository/com/github/almasb/fxgl/11.17/fxgl-11.17.jar!/fxglassets/textures/fxgl_default_cursor.png
15:46:34.154 [JavaFX Application Thread] DEBUG Input                - Registered new binding: Screenshot - CTRL+8
15:46:34.155 [JavaFX Application Thread] DEBUG Input                - Registered new binding: System info dump - CTRL+9
15:46:34.155 [JavaFX Application Thread] DEBUG Input                - Registered new binding: Restart - CTRL+R
15:46:34.156 [JavaFX Application Thread] DEBUG Input                - Registered new binding: Toggle Debug Camera - CTRL+C
15:46:34.158 [JavaFX Application Thread] DEBUG LoopRunner           - Starting loop
15:46:34.158 [JavaFX Application Thread] DEBUG LoopRunner           - Initializing JavaFX AnimationTimerLoop
15:46:34.161 [JavaFX Application Thread] DEBUG Input                - Clearing active input actions
15:46:34.167 [JavaFX Application Thread] DEBUG GameApplicationServi - Removing overlay from FXGLStartupScene and adding to FXGLMainMenuDummyScene
15:46:34.167 [JavaFX Application Thread] DEBUG PrimaryStageWindow   - FXGLStartupScene -> FXGLMainMenuDummyScene
15:46:34.167 [JavaFX Application Thread] DEBUG PrimaryStageWindow   - Push state: MainMenu
15:46:34.167 [JavaFX Application Thread] DEBUG Input                - Clearing active input actions
15:46:34.171 [JavaFX Application Thread] DEBUG GameApplicationServi - Removing overlay from FXGLMainMenuDummyScene and adding to MainMenu
15:46:34.172 [JavaFX Application Thread] DEBUG PrimaryStageWindow   - FXGLMainMenuDummyScene -> MainMenu
15:46:34.172 [JavaFX Application Thread] DEBUG FXGLApplication      - Registering font factories with UI factory
15:46:34.847 [FXGL Background Thread 2 ] INFO  UpdaterService       - Your current version:  11.17
15:46:34.847 [FXGL Background Thread 2 ] INFO  UpdaterService       - Latest stable version: 17.2
15:46:35.252 [JavaFX Application Thread] DEBUG Menu                 - fireNewGame()
15:46:35.253 [JavaFX Application Thread] DEBUG GameApplicationServi - Starting new game
15:46:35.253 [JavaFX Application Thread] DEBUG PrimaryStageWindow   - Pop state: MainMenu
15:46:35.253 [JavaFX Application Thread] DEBUG Input                - Clearing active input actions
15:46:35.253 [JavaFX Application Thread] DEBUG GameApplicationServi - Removing overlay from MainMenu and adding to FXGLMainMenuDummyScene
15:46:35.253 [JavaFX Application Thread] DEBUG PrimaryStageWindow   - FXGLMainMenuDummyScene <- MainMenu
15:46:35.254 [JavaFX Application Thread] DEBUG Input                - Clearing active input actions
15:46:35.262 [JavaFX Application Thread] DEBUG GameApplicationServi - Removing overlay from FXGLMainMenuDummyScene and adding to FXGLLoadingScene
15:46:35.262 [JavaFX Application Thread] DEBUG PrimaryStageWindow   - FXGLMainMenuDummyScene -> FXGLLoadingScene
15:46:35.262 [JavaFX Application Thread] DEBUG GameApplicationServi - Clearing previous game
15:46:35.262 [JavaFX Application Thread] DEBUG GameScene            - Clearing game scene
15:46:35.262 [JavaFX Application Thread] DEBUG GameWorld            - Clearing game world
15:46:35.262 [JavaFX Application Thread] DEBUG PhysicsWorld         - Clearing physics world
15:46:35.263 [FXGL Background Thread 2 ] DEBUG FXGLApplication      - Initializing game
15:46:35.295 [FXGL Background Thread 2 ] WARN  TMXLevelLoader       - TiledMap generated from 1.7.2. Supported version: 1.2.3. Some features may not be parsed fully.
15:46:35.321 [FXGL Background Thread 2 ] DEBUG TMXLevelLoader       - Parsed TiledMap: file:/C:/Users/THANG/Documents/GitHub/Bomberman-master/target/classes/assets/levels/level1.tmx
15:46:35.323 [FXGL Background Thread 2 ] DEBUG TMXLevelLoader       - Creating tile layer entities
15:46:35.324 [FXGL Background Thread 2 ] DEBUG TilesetLoader        - Loading view for layer Tile Layer 1
15:46:35.329 [FXGL Background Thread 2 ] DEBUG TilesetLoader        - Created buffer with size 1488.0x720.0
15:46:35.357 [FXGL Background Thread 2 ] DEBUG TMXLevelLoader       - Creating object layer entities
15:46:35.403 [FXGL Background Thread 2 ] DEBUG FXGLAssetLoaderServi - Loading from file system: file:/C:/Users/THANG/Documents/GitHub/Bomberman-master/target/classes/assets/textures/player_die.png
15:46:35.407 [FXGL Background Thread 2 ] DEBUG FXGLAssetLoaderServi - Loading from file system: file:/C:/Users/THANG/Documents/GitHub/Bomberman-master/target/classes/assets/textures/player_down.png
15:46:35.407 [FXGL Background Thread 2 ] DEBUG FXGLAssetLoaderServi - Loading from file system: file:/C:/Users/THANG/Documents/GitHub/Bomberman-master/target/classes/assets/textures/player_right.png
15:46:35.408 [FXGL Background Thread 2 ] DEBUG FXGLAssetLoaderServi - Loading from file system: file:/C:/Users/THANG/Documents/GitHub/Bomberman-master/target/classes/assets/textures/player_up.png
15:46:35.409 [FXGL Background Thread 2 ] DEBUG FXGLAssetLoaderServi - Loading from file system: file:/C:/Users/THANG/Documents/GitHub/Bomberman-master/target/classes/assets/textures/player_left.png
15:46:35.420 [FXGL Background Thread 2 ] DEBUG FXGLAssetLoaderServi - Loading from file system: file:/C:/Users/THANG/Documents/GitHub/Bomberman-master/target/classes/assets/textures/enemy1.png
15:46:35.472 [FXGL Background Thread 2 ] DEBUG FXGLAssetLoaderServi - Loading from file system: file:/C:/Users/THANG/Documents/GitHub/Bomberman-master/target/classes/assets/textures/enemy2.png
15:46:35.484 [FXGL Background Thread 2 ] DEBUG FXGLAssetLoaderServi - Loading from file system: file:/C:/Users/THANG/Documents/GitHub/Bomberman-master/target/classes/assets/textures/brick.png
15:46:35.494 [FXGL Background Thread 2 ] DEBUG FXGLAssetLoaderServi - Loading from file system: file:/C:/Users/THANG/Documents/GitHub/Bomberman-master/target/classes/assets/textures/powerup_speed.png
15:46:35.497 [FXGL Background Thread 2 ] DEBUG FXGLAssetLoaderServi - Loading from file system: file:/C:/Users/THANG/Documents/GitHub/Bomberman-master/target/classes/assets/textures/powerup_bombs.png
15:46:35.540 [FXGL Background Thread 2 ] DEBUG GameWorld            - Clearing removable entities
15:46:35.541 [FXGL Background Thread 2 ] DEBUG GameWorld            - Setting level: com.almasb.fxgl.entity.level.Level@54b6d2c0
15:46:35.631 [FXGL Background Thread 2 ] INFO  FXGLApplication      - Game initialization took: 0.368 sec
15:46:35.635 [JavaFX Application Thread] DEBUG Input                - Clearing active input actions
15:46:35.653 [JavaFX Application Thread] DEBUG GameApplicationServi - Removing overlay from FXGLLoadingScene and adding to GameScene
15:46:35.653 [JavaFX Application Thread] DEBUG PrimaryStageWindow   - FXGLLoadingScene -> GameScene
15:46:35.658 [JavaFX Application Thread] DEBUG FXGLAssetLoaderServi - Loading from file system: file:/C:/Users/THANG/Documents/GitHub/Bomberman-master/target/classes/assets/sounds/stage_start.wav
15:46:35.677 [JavaFX Application Thread] DEBUG PrimaryStageWindow   - Push state: StageStartScene
15:46:35.677 [JavaFX Application Thread] DEBUG Input                - Clearing active input actions
15:46:35.677 [JavaFX Application Thread] DEBUG GameApplicationServi - Removing overlay from GameScene and adding to StageStartScene
15:46:35.678 [JavaFX Application Thread] DEBUG PrimaryStageWindow   - GameScene -> StageStartScene
15:46:36.956 [FXGL Background Thread 3 ] DEBUG Engine               - Logging environment variables
15:46:36.956 [FXGL Background Thread 3 ] DEBUG Engine               - achievements: []
15:46:36.956 [FXGL Background Thread 3 ] DEBUG Engine               - actualHeight: 864.0
15:46:36.956 [FXGL Background Thread 3 ] DEBUG Engine               - actualHeightProperty: ReadOnlyDoubleProperty [value: 864.0]
15:46:36.956 [FXGL Background Thread 3 ] DEBUG Engine               - actualWidth: 1536.0
15:46:36.957 [FXGL Background Thread 3 ] DEBUG Engine               - actualWidthProperty: ReadOnlyDoubleProperty [value: 1536.0]
15:46:36.957 [FXGL Background Thread 3 ] DEBUG Engine               - appIcon: fxgl_icon.png
15:46:36.957 [FXGL Background Thread 3 ] DEBUG Engine               - applicationMode: DEVELOPER
15:46:36.957 [FXGL Background Thread 3 ] DEBUG Engine               - cSSList: [fxgl_dark.css]
15:46:36.957 [FXGL Background Thread 3 ] DEBUG Engine               - collisionDetectionStrategy: BRUTE_FORCE
15:46:36.957 [FXGL Background Thread 3 ] DEBUG Engine               - configClass: Optional.empty
15:46:36.957 [FXGL Background Thread 3 ] DEBUG Engine               - credits: []
15:46:36.957 [FXGL Background Thread 3 ] DEBUG Engine               - defaultCursor: CursorInfo(imageName=fxgl_default_cursor.png, hotspotX=7.0, hotspotY=6.0)
15:46:36.957 [FXGL Background Thread 3 ] DEBUG Engine               - devBBoxColorProperty: ObjectProperty [value: 0xff0000ff]
15:46:36.957 [FXGL Background Thread 3 ] DEBUG Engine               - devEnableDebugCameraProperty: BooleanProperty [value: false]
15:46:36.957 [FXGL Background Thread 3 ] DEBUG Engine               - devSensorColorProperty: ObjectProperty [value: 0xffff00ff]
15:46:36.957 [FXGL Background Thread 3 ] DEBUG Engine               - devShowBBoxProperty: BooleanProperty [value: false]
15:46:36.957 [FXGL Background Thread 3 ] DEBUG Engine               - devShowPositionProperty: BooleanProperty [value: false]
15:46:36.957 [FXGL Background Thread 3 ] DEBUG Engine               - enabledMenuItems: []
15:46:36.958 [FXGL Background Thread 3 ] DEBUG Engine               - engineServices: [class com.almasb.fxgl.app.services.FXGLAssetLoaderService, class com.almasb.fxgl.app.FXGLApplication$GameApplicationService, class com.almasb.fxgl.app.services.FXGLDialogService, class com.almasb.fxgl.app.services.IOTaskExecutorService, class com.almasb.fxgl.io.FileSystemService, class com.almasb.fxgl.localization.LocalizationService, class com.almasb.fxgl.app.services.SystemBundleService, class com.almasb.fxgl.profile.SaveLoadService, class com.almasb.fxgl.ui.FXGLUIFactoryServiceProvider, class com.almasb.fxgl.ui.FXGLDialogFactoryServiceProvider, class com.almasb.fxgl.audio.AudioPlayer, class com.almasb.fxgl.notification.impl.NotificationServiceProvider, class com.almasb.fxgl.achievement.AchievementService, class com.almasb.fxgl.cutscene.CutsceneService, class com.almasb.fxgl.minigames.MiniGameService, class com.almasb.fxgl.net.NetService, class com.almasb.fxgl.app.services.UpdaterService, class com.almasb.fxgl.dev.DevService]
15:46:36.958 [FXGL Background Thread 3 ] DEBUG Engine               - fontGame: Abel-Regular.ttf
15:46:36.958 [FXGL Background Thread 3 ] DEBUG Engine               - fontMono: lucida_console.ttf
15:46:36.958 [FXGL Background Thread 3 ] DEBUG Engine               - fontText: Courier-Prime.ttf
15:46:36.958 [FXGL Background Thread 3 ] DEBUG Engine               - fontUI: game_font.ttf
15:46:36.958 [FXGL Background Thread 3 ] DEBUG Engine               - fullScreen: BooleanProperty [value: true]
15:46:36.958 [FXGL Background Thread 3 ] DEBUG Engine               - gameDifficulty: MEDIUM
15:46:36.958 [FXGL Background Thread 3 ] DEBUG Engine               - gameDifficultyProperty: ObjectProperty [value: MEDIUM]
15:46:36.958 [FXGL Background Thread 3 ] DEBUG Engine               - globalMusicVolume: 0.5
15:46:36.958 [FXGL Background Thread 3 ] DEBUG Engine               - globalMusicVolumeProperty: DoubleProperty [value: 0.0]
15:46:36.958 [FXGL Background Thread 3 ] DEBUG Engine               - globalSoundVolume: 0.5
15:46:36.958 [FXGL Background Thread 3 ] DEBUG Engine               - globalSoundVolumeProperty: DoubleProperty [value: 0.5]
15:46:36.958 [FXGL Background Thread 3 ] DEBUG Engine               - height: 720
15:46:36.958 [FXGL Background Thread 3 ] DEBUG Engine               - is3D: false
15:46:36.958 [FXGL Background Thread 3 ] DEBUG Engine               - isAndroid: false
15:46:36.958 [FXGL Background Thread 3 ] DEBUG Engine               - isBrowser: false
15:46:36.958 [FXGL Background Thread 3 ] DEBUG Engine               - isClickFeedbackEnabled: false
15:46:36.958 [FXGL Background Thread 3 ] DEBUG Engine               - isCloseConfirmation: false
15:46:36.959 [FXGL Background Thread 3 ] DEBUG Engine               - isDesktop: true
15:46:36.959 [FXGL Background Thread 3 ] DEBUG Engine               - isDeveloperMenuEnabled: false
15:46:36.959 [FXGL Background Thread 3 ] DEBUG Engine               - isEntityPreloadEnabled: true
15:46:36.959 [FXGL Background Thread 3 ] DEBUG Engine               - isExperimentalTiledLargeMap: false
15:46:36.959 [FXGL Background Thread 3 ] DEBUG Engine               - isFileSystemWriteAllowed: true
15:46:36.959 [FXGL Background Thread 3 ] DEBUG Engine               - isFullScreenAllowed: true
15:46:36.959 [FXGL Background Thread 3 ] DEBUG Engine               - isFullScreenFromStart: true
15:46:36.959 [FXGL Background Thread 3 ] DEBUG Engine               - isGameMenuEnabled: true
15:46:36.959 [FXGL Background Thread 3 ] DEBUG Engine               - isIOS: false
15:46:36.959 [FXGL Background Thread 3 ] DEBUG Engine               - isIntroEnabled: false
15:46:36.959 [FXGL Background Thread 3 ] DEBUG Engine               - isLinux: false
15:46:36.959 [FXGL Background Thread 3 ] DEBUG Engine               - isMac: false
15:46:36.959 [FXGL Background Thread 3 ] DEBUG Engine               - isMainMenuEnabled: true
15:46:36.959 [FXGL Background Thread 3 ] DEBUG Engine               - isManualResizeEnabled: false
15:46:36.959 [FXGL Background Thread 3 ] DEBUG Engine               - isMobile: false
15:46:36.959 [FXGL Background Thread 3 ] DEBUG Engine               - isNative: false
15:46:36.959 [FXGL Background Thread 3 ] DEBUG Engine               - isPauseMusicWhenMinimized: true
15:46:36.960 [FXGL Background Thread 3 ] DEBUG Engine               - isPreserveResizeRatio: false
15:46:36.960 [FXGL Background Thread 3 ] DEBUG Engine               - isProfilingEnabled: false
15:46:36.960 [FXGL Background Thread 3 ] DEBUG Engine               - isScaleAffectedOnResize: true
15:46:36.960 [FXGL Background Thread 3 ] DEBUG Engine               - isSingleStep: false
15:46:36.960 [FXGL Background Thread 3 ] DEBUG Engine               - isUserProfileEnabled: false
15:46:36.960 [FXGL Background Thread 3 ] DEBUG Engine               - isWindows: true
15:46:36.960 [FXGL Background Thread 3 ] DEBUG Engine               - language: ObjectProperty [value: ENGLISH]
15:46:36.960 [FXGL Background Thread 3 ] DEBUG Engine               - menuKey: ESCAPE
15:46:36.960 [FXGL Background Thread 3 ] DEBUG Engine               - mouseSensitivity: 0.2
15:46:36.960 [FXGL Background Thread 3 ] DEBUG Engine               - notificationViewClass: class com.almasb.fxgl.notification.view.XboxNotificationView
15:46:36.960 [FXGL Background Thread 3 ] DEBUG Engine               - pixelsPerMeter: 50.0
15:46:36.960 [FXGL Background Thread 3 ] DEBUG Engine               - platform: WINDOWS
15:46:36.960 [FXGL Background Thread 3 ] DEBUG Engine               - prefHeightProperty: ReadOnlyDoubleProperty [value: 720.0]
15:46:36.960 [FXGL Background Thread 3 ] DEBUG Engine               - prefWidthProperty: ReadOnlyDoubleProperty [value: 1280.0]
15:46:36.960 [FXGL Background Thread 3 ] DEBUG Engine               - profileDir: profiles/
15:46:36.960 [FXGL Background Thread 3 ] DEBUG Engine               - profileName: StringProperty [value: DEFAULT]
15:46:36.960 [FXGL Background Thread 3 ] DEBUG Engine               - randomSeed: -1
15:46:36.961 [FXGL Background Thread 3 ] DEBUG Engine               - runtimeInfo: RuntimeInfo(platform=WINDOWS, version=11.17, build=16.07.2021 15.46)
15:46:36.961 [FXGL Background Thread 3 ] DEBUG Engine               - saveFileExt: sav
15:46:36.961 [FXGL Background Thread 3 ] DEBUG Engine               - scaledHeightProp$fxgl: DoubleProperty [bound, value: 864.0]
15:46:36.961 [FXGL Background Thread 3 ] DEBUG Engine               - scaledWidthProp$fxgl: DoubleProperty [bound, value: 1536.0]
15:46:36.961 [FXGL Background Thread 3 ] DEBUG Engine               - sceneFactory: Bomberman.GameApp$1@ed484c1
15:46:36.961 [FXGL Background Thread 3 ] DEBUG Engine               - secondsIn24h: 60
15:46:36.961 [FXGL Background Thread 3 ] DEBUG Engine               - soundMenuBack: menu/back.wav
15:46:36.961 [FXGL Background Thread 3 ] DEBUG Engine               - soundMenuPress: menu/press.wav
15:46:36.961 [FXGL Background Thread 3 ] DEBUG Engine               - soundMenuSelect: menu/select.wav
15:46:36.961 [FXGL Background Thread 3 ] DEBUG Engine               - soundNotification: core/notification.wav
15:46:36.961 [FXGL Background Thread 3 ] DEBUG Engine               - stageStyle: DECORATED
15:46:36.961 [FXGL Background Thread 3 ] DEBUG Engine               - supportedLanguages: [ENGLISH, FRENCH, GERMAN, HUNGARIAN, RUSSIAN]
15:46:36.961 [FXGL Background Thread 3 ] DEBUG Engine               - ticksPerSecond: -1
15:46:36.961 [FXGL Background Thread 3 ] DEBUG Engine               - title: BOMBER
 MAN
15:46:36.961 [FXGL Background Thread 3 ] DEBUG Engine               - urlGithub: https://github.com/AlmasB/FXGL
15:46:36.961 [FXGL Background Thread 3 ] DEBUG Engine               - urlLeaderboard: http://fxgl-top.herokuapp.com/
15:46:36.961 [FXGL Background Thread 3 ] DEBUG Engine               - urlPOM: https://raw.githubusercontent.com/AlmasB/FXGL/release/README.md
15:46:36.961 [FXGL Background Thread 3 ] DEBUG Engine               - userAppClass: class Bomberman.GameApp
15:46:36.961 [FXGL Background Thread 3 ] DEBUG Engine               - version: 1.0
15:46:36.961 [FXGL Background Thread 3 ] DEBUG Engine               - versionCheckDays: 7
15:46:36.962 [FXGL Background Thread 3 ] DEBUG Engine               - width: 1280
15:46:36.962 [FXGL Background Thread 3 ] DEBUG Engine               - Logging services
15:46:36.962 [FXGL Background Thread 3 ] DEBUG Engine               - class com.almasb.fxgl.app.services.FXGLAssetLoaderService
15:46:36.962 [FXGL Background Thread 3 ] DEBUG Engine               - class com.almasb.fxgl.app.FXGLApplication$GameApplicationService
15:46:36.962 [FXGL Background Thread 3 ] DEBUG Engine               - class com.almasb.fxgl.app.services.FXGLDialogService
15:46:36.962 [FXGL Background Thread 3 ] DEBUG Engine               - class com.almasb.fxgl.app.services.IOTaskExecutorService
15:46:36.962 [FXGL Background Thread 3 ] DEBUG Engine               - class com.almasb.fxgl.io.FileSystemService
15:46:36.962 [FXGL Background Thread 3 ] DEBUG Engine               - class com.almasb.fxgl.localization.LocalizationService
15:46:36.962 [FXGL Background Thread 3 ] DEBUG Engine               - class com.almasb.fxgl.app.services.SystemBundleService
15:46:36.962 [FXGL Background Thread 3 ] DEBUG Engine               - class com.almasb.fxgl.profile.SaveLoadService
15:46:36.962 [FXGL Background Thread 3 ] DEBUG Engine               - class com.almasb.fxgl.ui.FXGLUIFactoryServiceProvider
15:46:36.962 [FXGL Background Thread 3 ] DEBUG Engine               - class com.almasb.fxgl.ui.FXGLDialogFactoryServiceProvider
15:46:36.962 [FXGL Background Thread 3 ] DEBUG Engine               - class com.almasb.fxgl.audio.AudioPlayer
15:46:36.962 [FXGL Background Thread 3 ] DEBUG Engine               - class com.almasb.fxgl.notification.impl.NotificationServiceProvider
15:46:36.962 [FXGL Background Thread 3 ] DEBUG Engine               - class com.almasb.fxgl.achievement.AchievementService
15:46:36.962 [FXGL Background Thread 3 ] DEBUG Engine               - class com.almasb.fxgl.cutscene.CutsceneService
15:46:36.962 [FXGL Background Thread 3 ] DEBUG Engine               - class com.almasb.fxgl.minigames.MiniGameService
15:46:36.962 [FXGL Background Thread 3 ] DEBUG Engine               - class com.almasb.fxgl.net.NetService
15:46:36.962 [FXGL Background Thread 3 ] DEBUG Engine               - class com.almasb.fxgl.app.services.UpdaterService
15:46:36.963 [FXGL Background Thread 3 ] DEBUG Engine               - class com.almasb.fxgl.dev.DevService
15:46:39.749 [JavaFX Application Thread] DEBUG PrimaryStageWindow   - Pop state: StageStartScene
15:46:39.749 [JavaFX Application Thread] DEBUG Input                - Clearing active input actions
15:46:39.749 [JavaFX Application Thread] DEBUG GameApplicationServi - Removing overlay from StageStartScene and adding to GameScene
15:46:39.750 [JavaFX Application Thread] DEBUG PrimaryStageWindow   - GameScene <- StageStartScene
15:46:41.069 [JavaFX Application Thread] DEBUG PrimaryStageWindow   - Push state: GameMenu
15:46:41.069 [JavaFX Application Thread] DEBUG Input                - Clearing active input actions
15:46:41.070 [JavaFX Application Thread] DEBUG GameApplicationServi - Removing overlay from GameScene and adding to GameMenu
15:46:41.071 [JavaFX Application Thread] DEBUG PrimaryStageWindow   - GameScene -> GameMenu
15:46:42.855 [JavaFX Application Thread] DEBUG Menu                 - fireResume()
15:46:42.856 [JavaFX Application Thread] DEBUG PrimaryStageWindow   - Pop state: GameMenu
15:46:42.856 [JavaFX Application Thread] DEBUG Input                - Clearing active input actions
15:46:42.856 [JavaFX Application Thread] DEBUG GameApplicationServi - Removing overlay from GameMenu and adding to GameScene
15:46:42.856 [JavaFX Application Thread] DEBUG PrimaryStageWindow   - GameScene <- GameMenu
15:46:45.588 [JavaFX Application Thread] DEBUG PrimaryStageWindow   - Push state: GameMenu
15:46:45.588 [JavaFX Application Thread] DEBUG Input                - Clearing active input actions
15:46:45.589 [JavaFX Application Thread] DEBUG GameApplicationServi - Removing overlay from GameScene and adding to GameMenu
15:46:45.589 [JavaFX Application Thread] DEBUG PrimaryStageWindow   - GameScene -> GameMenu
15:46:46.285 [JavaFX Application Thread] DEBUG Menu                 - fireExit()
15:46:46.291 [JavaFX Application Thread] DEBUG PrimaryStageWindow   - Push state: DialogSubScene
15:46:46.291 [JavaFX Application Thread] DEBUG Input                - Clearing active input actions
15:46:46.292 [JavaFX Application Thread] DEBUG GameApplicationServi - Removing overlay from GameMenu and adding to DialogSubScene
15:46:46.292 [JavaFX Application Thread] DEBUG PrimaryStageWindow   - GameMenu -> DialogSubScene
15:46:46.974 [JavaFX Application Thread] DEBUG PrimaryStageWindow   - Pop state: DialogSubScene
15:46:46.974 [JavaFX Application Thread] DEBUG Input                - Clearing active input actions
15:46:46.975 [JavaFX Application Thread] DEBUG GameApplicationServi - Removing overlay from DialogSubScene and adding to GameMenu
15:46:46.975 [JavaFX Application Thread] DEBUG PrimaryStageWindow   - GameMenu <- DialogSubScene
15:46:46.975 [JavaFX Application Thread] DEBUG FXGLApplication      - Exiting FXGL
15:46:46.975 [JavaFX Application Thread] DEBUG LoopRunner           - Stopping loop
15:46:46.975 [JavaFX Application Thread] DEBUG SystemBundleService  - Saving FXGL system data
15:46:46.977 [JavaFX Application Thread] DEBUG FileSystemAccess     - Writing to: C:\Users\THANG\Documents\GitHub\Bomberman-master\system\fxgl.bundle
15:46:46.978 [JavaFX Application Thread] DEBUG Async                - Shutting down background threads
15:46:46.978 [JavaFX Application Thread] DEBUG PrimaryStageWindow   - Closing main window
15:46:47.024 [JavaFX Application Thread] DEBUG Logger               - Closing Logger
