16:00:17.239 [main                     ] DEBUG Logger               - Configured Logger
16:00:17.243 [main                     ] DEBUG GameApplication      - Logging settings
Title: BOMBER
 MAN
Version: 1.0
Width: 1280
Height: 720
Fullscreen: true
Intro: false
Profiling: false
Single step:false
App Mode: DEVELOPER
Menu Key: ESCAPE
Stage Style: DECORATED
Scene Factory: class Bomberman.GameApp$1

16:00:17.596 [JavaFX Application Thread] DEBUG FXGLApplication      - Initializing FXGL
16:00:17.597 [JavaFX Application Thread] INFO  Engine               - FXGL-11.17 (16.07.2021 15.46) on WINDOWS (J:17.0.4.1 FX:16)
16:00:17.598 [JavaFX Application Thread] DEBUG Engine               - JRE Vendor Name: Eclipse Adoptium
16:00:17.598 [JavaFX Application Thread] DEBUG Engine               - Running on OS: Windows 11 version 10.0
16:00:17.598 [JavaFX Application Thread] DEBUG Engine               - Architecture: amd64
16:00:17.598 [JavaFX Application Thread] INFO  Engine               - Source code and latest versions at: https://github.com/AlmasB/FXGL
16:00:17.598 [JavaFX Application Thread] INFO  Engine               -              Join the FXGL chat at: https://gitter.im/AlmasB/FXGL
16:00:17.678 [JavaFX Application Thread] DEBUG PrimaryStageWindow   - Creating a JavaFX scene
16:00:17.706 [JavaFX Application Thread] DEBUG PrimaryStageWindow   - Target settings size: 1280.0 x 720.0
16:00:17.706 [JavaFX Application Thread] DEBUG PrimaryStageWindow   - Scaled scene size:    1280.0 x 720.0
16:00:17.706 [JavaFX Application Thread] DEBUG PrimaryStageWindow   - Scaled ratio: (1.0, 1.0)
16:00:17.707 [JavaFX Application Thread] DEBUG PrimaryStageWindow   - Set initial scene to FXGLStartupScene
16:00:17.714 [JavaFX Application Thread] DEBUG PrimaryStageWindow   - Opening main window
16:00:17.766 [JavaFX Application Thread] DEBUG PrimaryStageWindow   - Window border size: (14.4000244140625, 37.5999755859375)
16:00:17.766 [JavaFX Application Thread] DEBUG PrimaryStageWindow   - Scaled size: 1280.0 x 720.0
16:00:17.766 [JavaFX Application Thread] DEBUG PrimaryStageWindow   - Scaled ratio: (1.0, 1.0)
16:00:17.766 [JavaFX Application Thread] DEBUG PrimaryStageWindow   - Scene size: 1280.0 x 720.0
16:00:17.766 [JavaFX Application Thread] DEBUG PrimaryStageWindow   - Stage size: 1294.4000244140625 x 757.5999755859375
16:00:17.808 [JavaFX Application Thread] DEBUG PrimaryStageWindow   - Going fullscreen
16:00:17.815 [FXGL Background Thread 1 ] DEBUG Engine               - Initializing environment variables
16:00:17.851 [FXGL Background Thread 1 ] DEBUG FXGLAssetLoaderServi - User app class for loading assets: class Bomberman.GameApp
16:00:17.851 [FXGL Background Thread 1 ] DEBUG GameApplicationServi - Applying CSS: fxgl_dark.css
16:00:17.851 [FXGL Background Thread 1 ] DEBUG FXGLAssetLoaderServi - Loading from file system: jar:file:/C:/Users/THANG/.m2/repository/com/github/almasb/fxgl/11.17/fxgl-11.17.jar!/fxglassets/ui/css/fxgl_dark.css
16:00:17.890 [FXGL Background Thread 1 ] DEBUG GameApplicationServi - Initializing application scenes
16:00:17.943 [FXGL Background Thread 1 ] DEBUG GameWorld            - Game world initialized
16:00:18.007 [FXGL Background Thread 1 ] DEBUG PhysicsWorld         - Physics world initialized: appHeight=720, physics.ppm=50.0
16:00:18.007 [FXGL Background Thread 1 ] DEBUG PhysicsWorld         - Using strategy: BRUTE_FORCE
16:00:18.041 [FXGL Background Thread 1 ] DEBUG GameScene            - Game scene initialized: 1280x720
16:00:18.171 [FXGL Background Thread 1 ] DEBUG GameApplicationServi - Application scenes initialized
16:00:18.185 [FXGL Background Thread 1 ] DEBUG SystemBundleService  - Loading FXGL system data
16:00:18.189 [FXGL Background Thread 1 ] DEBUG FileSystemAccess     - Reading from: C:\Users\THANG\Documents\GitHub\Bomberman-master\system\fxgl.bundle
16:00:18.197 [FXGL Background Thread 1 ] DEBUG SystemBundleService  - Bundle FXGL: {}
16:00:18.197 [FXGL Background Thread 1 ] DEBUG UpdaterService       - Checking for updates
16:00:18.205 [FXGL Background Thread 1 ] DEBUG FXGLApplication      - Loading default localization
16:00:18.206 [FXGL Background Thread 1 ] DEBUG FXGLAssetLoaderServi - Loading from file system: jar:file:/C:/Users/THANG/.m2/repository/com/github/almasb/fxgl/11.17/fxgl-11.17.jar!/fxglassets/languages/english.lang
16:00:18.207 [FXGL Background Thread 4 ] DEBUG FXGLApplication      - Loading fonts
16:00:18.207 [FXGL Background Thread 4 ] DEBUG FXGLAssetLoaderServi - Loading from file system: file:/C:/Users/THANG/Documents/GitHub/Bomberman-master/target/classes/assets/ui/fonts/game_font.ttf
16:00:18.217 [FXGL Background Thread 1 ] INFO  FXGLApplication      - FXGL initialization took: 0.402 sec
16:00:18.226 [JavaFX Application Thread] DEBUG Input                - Registered new binding: Move Up - W
16:00:18.226 [JavaFX Application Thread] DEBUG Input                - Registered new binding: Move Down - S
16:00:18.227 [JavaFX Application Thread] DEBUG Input                - Registered new binding: Move Left - A
16:00:18.227 [JavaFX Application Thread] DEBUG Input                - Registered new binding: Move Right - D
16:00:18.227 [JavaFX Application Thread] DEBUG Input                - Registered new binding: Place Bomb - Space
16:00:18.229 [JavaFX Application Thread] DEBUG FXGLAssetLoaderServi - Loading from file system: file:/C:/Users/THANG/Documents/GitHub/Bomberman-master/target/classes/assets/music/stage_theme.mp3
16:00:18.267 [FXGL Background Thread 4 ] DEBUG FXGLAssetLoaderServi - Loading from file system: jar:file:/C:/Users/THANG/.m2/repository/com/github/almasb/fxgl/11.17/fxgl-11.17.jar!/fxglassets/ui/fonts/Abel-Regular.ttf
16:00:18.269 [FXGL Background Thread 4 ] DEBUG FXGLAssetLoaderServi - Loading from file system: jar:file:/C:/Users/THANG/.m2/repository/com/github/almasb/fxgl/11.17/fxgl-11.17.jar!/fxglassets/ui/fonts/lucida_console.ttf
16:00:18.273 [FXGL Background Thread 4 ] DEBUG FXGLAssetLoaderServi - Loading from file system: jar:file:/C:/Users/THANG/.m2/repository/com/github/almasb/fxgl/11.17/fxgl-11.17.jar!/fxglassets/ui/fonts/Courier-Prime.ttf
16:00:18.353 [JavaFX Application Thread] DEBUG AudioPlayer          - Playing music com.almasb.fxgl.audio.Music@74c99bd4
16:00:18.353 [JavaFX Application Thread] DEBUG FXGLAssetLoaderServi - Loading from file system: jar:file:/C:/Users/THANG/.m2/repository/com/github/almasb/fxgl/11.17/fxgl-11.17.jar!/fxglassets/textures/fxgl_icon.png
16:00:18.373 [JavaFX Application Thread] DEBUG FXGLAssetLoaderServi - Loading from file system: jar:file:/C:/Users/THANG/.m2/repository/com/github/almasb/fxgl/11.17/fxgl-11.17.jar!/fxglassets/textures/fxgl_default_cursor.png
16:00:18.376 [JavaFX Application Thread] DEBUG Input                - Registered new binding: Screenshot - CTRL+8
16:00:18.376 [JavaFX Application Thread] DEBUG Input                - Registered new binding: System info dump - CTRL+9
16:00:18.376 [JavaFX Application Thread] DEBUG Input                - Registered new binding: Restart - CTRL+R
16:00:18.377 [JavaFX Application Thread] DEBUG Input                - Registered new binding: Toggle Debug Camera - CTRL+C
16:00:18.378 [JavaFX Application Thread] DEBUG LoopRunner           - Starting loop
16:00:18.379 [JavaFX Application Thread] DEBUG LoopRunner           - Initializing JavaFX AnimationTimerLoop
16:00:18.381 [JavaFX Application Thread] DEBUG Input                - Clearing active input actions
16:00:18.386 [JavaFX Application Thread] DEBUG GameApplicationServi - Removing overlay from FXGLStartupScene and adding to FXGLMainMenuDummyScene
16:00:18.386 [JavaFX Application Thread] DEBUG PrimaryStageWindow   - FXGLStartupScene -> FXGLMainMenuDummyScene
16:00:18.387 [JavaFX Application Thread] DEBUG PrimaryStageWindow   - Push state: MainMenu
16:00:18.387 [JavaFX Application Thread] DEBUG Input                - Clearing active input actions
16:00:18.391 [JavaFX Application Thread] DEBUG GameApplicationServi - Removing overlay from FXGLMainMenuDummyScene and adding to MainMenu
16:00:18.391 [JavaFX Application Thread] DEBUG PrimaryStageWindow   - FXGLMainMenuDummyScene -> MainMenu
16:00:18.398 [JavaFX Application Thread] DEBUG FXGLApplication      - Registering font factories with UI factory
16:00:18.584 [FXGL Background Thread 2 ] INFO  UpdaterService       - Your current version:  11.17
16:00:18.586 [FXGL Background Thread 2 ] INFO  UpdaterService       - Latest stable version: 17.2
16:00:19.188 [JavaFX Application Thread] DEBUG Menu                 - fireNewGame()
16:00:19.188 [JavaFX Application Thread] DEBUG GameApplicationServi - Starting new game
16:00:19.189 [JavaFX Application Thread] DEBUG PrimaryStageWindow   - Pop state: MainMenu
16:00:19.189 [JavaFX Application Thread] DEBUG Input                - Clearing active input actions
16:00:19.189 [JavaFX Application Thread] DEBUG GameApplicationServi - Removing overlay from MainMenu and adding to FXGLMainMenuDummyScene
16:00:19.189 [JavaFX Application Thread] DEBUG PrimaryStageWindow   - FXGLMainMenuDummyScene <- MainMenu
16:00:19.189 [JavaFX Application Thread] DEBUG Input                - Clearing active input actions
16:00:19.196 [JavaFX Application Thread] DEBUG GameApplicationServi - Removing overlay from FXGLMainMenuDummyScene and adding to FXGLLoadingScene
16:00:19.196 [JavaFX Application Thread] DEBUG PrimaryStageWindow   - FXGLMainMenuDummyScene -> FXGLLoadingScene
16:00:19.196 [JavaFX Application Thread] DEBUG GameApplicationServi - Clearing previous game
16:00:19.196 [JavaFX Application Thread] DEBUG GameScene            - Clearing game scene
16:00:19.196 [JavaFX Application Thread] DEBUG GameWorld            - Clearing game world
16:00:19.196 [JavaFX Application Thread] DEBUG PhysicsWorld         - Clearing physics world
16:00:19.199 [FXGL Background Thread 2 ] DEBUG FXGLApplication      - Initializing game
16:00:19.227 [FXGL Background Thread 2 ] WARN  TMXLevelLoader       - TiledMap generated from 1.7.2. Supported version: 1.2.3. Some features may not be parsed fully.
16:00:19.262 [FXGL Background Thread 2 ] DEBUG TMXLevelLoader       - Parsed TiledMap: file:/C:/Users/THANG/Documents/GitHub/Bomberman-master/target/classes/assets/levels/level1.tmx
16:00:19.264 [FXGL Background Thread 2 ] DEBUG TMXLevelLoader       - Creating tile layer entities
16:00:19.268 [FXGL Background Thread 2 ] DEBUG TilesetLoader        - Loading view for layer Tile Layer 1
16:00:19.272 [FXGL Background Thread 2 ] DEBUG TilesetLoader        - Created buffer with size 1488.0x720.0
16:00:19.288 [FXGL Background Thread 2 ] DEBUG TMXLevelLoader       - Creating object layer entities
16:00:19.311 [FXGL Background Thread 2 ] DEBUG FXGLAssetLoaderServi - Loading from file system: file:/C:/Users/THANG/Documents/GitHub/Bomberman-master/target/classes/assets/textures/player_die.png
16:00:19.313 [FXGL Background Thread 2 ] DEBUG FXGLAssetLoaderServi - Loading from file system: file:/C:/Users/THANG/Documents/GitHub/Bomberman-master/target/classes/assets/textures/player_down.png
16:00:19.313 [FXGL Background Thread 2 ] DEBUG FXGLAssetLoaderServi - Loading from file system: file:/C:/Users/THANG/Documents/GitHub/Bomberman-master/target/classes/assets/textures/player_right.png
16:00:19.316 [FXGL Background Thread 2 ] DEBUG FXGLAssetLoaderServi - Loading from file system: file:/C:/Users/THANG/Documents/GitHub/Bomberman-master/target/classes/assets/textures/player_up.png
16:00:19.317 [FXGL Background Thread 2 ] DEBUG FXGLAssetLoaderServi - Loading from file system: file:/C:/Users/THANG/Documents/GitHub/Bomberman-master/target/classes/assets/textures/player_left.png
16:00:19.322 [FXGL Background Thread 2 ] DEBUG FXGLAssetLoaderServi - Loading from file system: file:/C:/Users/THANG/Documents/GitHub/Bomberman-master/target/classes/assets/textures/enemy1.png
16:00:19.344 [FXGL Background Thread 2 ] DEBUG FXGLAssetLoaderServi - Loading from file system: file:/C:/Users/THANG/Documents/GitHub/Bomberman-master/target/classes/assets/textures/enemy2.png
16:00:19.351 [FXGL Background Thread 2 ] DEBUG FXGLAssetLoaderServi - Loading from file system: file:/C:/Users/THANG/Documents/GitHub/Bomberman-master/target/classes/assets/textures/brick.png
16:00:19.357 [FXGL Background Thread 2 ] DEBUG FXGLAssetLoaderServi - Loading from file system: file:/C:/Users/THANG/Documents/GitHub/Bomberman-master/target/classes/assets/textures/powerup_speed.png
16:00:19.358 [FXGL Background Thread 2 ] DEBUG FXGLAssetLoaderServi - Loading from file system: file:/C:/Users/THANG/Documents/GitHub/Bomberman-master/target/classes/assets/textures/powerup_bombs.png
16:00:19.375 [FXGL Background Thread 2 ] DEBUG GameWorld            - Clearing removable entities
16:00:19.376 [FXGL Background Thread 2 ] DEBUG GameWorld            - Setting level: com.almasb.fxgl.entity.level.Level@cb98c40
16:00:19.404 [FXGL Background Thread 2 ] INFO  FXGLApplication      - Game initialization took: 0.206 sec
16:00:19.406 [JavaFX Application Thread] DEBUG Input                - Clearing active input actions
16:00:19.418 [JavaFX Application Thread] DEBUG GameApplicationServi - Removing overlay from FXGLLoadingScene and adding to GameScene
16:00:19.418 [JavaFX Application Thread] DEBUG PrimaryStageWindow   - FXGLLoadingScene -> GameScene
16:00:19.419 [JavaFX Application Thread] DEBUG FXGLAssetLoaderServi - Loading from file system: file:/C:/Users/THANG/Documents/GitHub/Bomberman-master/target/classes/assets/sounds/stage_start.wav
16:00:19.433 [JavaFX Application Thread] DEBUG PrimaryStageWindow   - Push state: StageStartScene
16:00:19.433 [JavaFX Application Thread] DEBUG Input                - Clearing active input actions
16:00:19.434 [JavaFX Application Thread] DEBUG GameApplicationServi - Removing overlay from GameScene and adding to StageStartScene
16:00:19.434 [JavaFX Application Thread] DEBUG PrimaryStageWindow   - GameScene -> StageStartScene
16:00:21.203 [FXGL Background Thread 3 ] DEBUG Engine               - Logging environment variables
16:00:21.203 [FXGL Background Thread 3 ] DEBUG Engine               - achievements: []
16:00:21.203 [FXGL Background Thread 3 ] DEBUG Engine               - actualHeight: 864.0
16:00:21.203 [FXGL Background Thread 3 ] DEBUG Engine               - actualHeightProperty: ReadOnlyDoubleProperty [value: 864.0]
16:00:21.203 [FXGL Background Thread 3 ] DEBUG Engine               - actualWidth: 1536.0
16:00:21.203 [FXGL Background Thread 3 ] DEBUG Engine               - actualWidthProperty: ReadOnlyDoubleProperty [value: 1536.0]
16:00:21.203 [FXGL Background Thread 3 ] DEBUG Engine               - appIcon: fxgl_icon.png
16:00:21.203 [FXGL Background Thread 3 ] DEBUG Engine               - applicationMode: DEVELOPER
16:00:21.203 [FXGL Background Thread 3 ] DEBUG Engine               - cSSList: [fxgl_dark.css]
16:00:21.203 [FXGL Background Thread 3 ] DEBUG Engine               - collisionDetectionStrategy: BRUTE_FORCE
16:00:21.203 [FXGL Background Thread 3 ] DEBUG Engine               - configClass: Optional.empty
16:00:21.203 [FXGL Background Thread 3 ] DEBUG Engine               - credits: []
16:00:21.203 [FXGL Background Thread 3 ] DEBUG Engine               - defaultCursor: CursorInfo(imageName=fxgl_default_cursor.png, hotspotX=7.0, hotspotY=6.0)
16:00:21.204 [FXGL Background Thread 3 ] DEBUG Engine               - devBBoxColorProperty: ObjectProperty [value: 0xff0000ff]
16:00:21.204 [FXGL Background Thread 3 ] DEBUG Engine               - devEnableDebugCameraProperty: BooleanProperty [value: false]
16:00:21.204 [FXGL Background Thread 3 ] DEBUG Engine               - devSensorColorProperty: ObjectProperty [value: 0xffff00ff]
16:00:21.204 [FXGL Background Thread 3 ] DEBUG Engine               - devShowBBoxProperty: BooleanProperty [value: false]
16:00:21.204 [FXGL Background Thread 3 ] DEBUG Engine               - devShowPositionProperty: BooleanProperty [value: false]
16:00:21.204 [FXGL Background Thread 3 ] DEBUG Engine               - enabledMenuItems: []
16:00:21.204 [FXGL Background Thread 3 ] DEBUG Engine               - engineServices: [class com.almasb.fxgl.app.services.FXGLAssetLoaderService, class com.almasb.fxgl.app.FXGLApplication$GameApplicationService, class com.almasb.fxgl.app.services.FXGLDialogService, class com.almasb.fxgl.app.services.IOTaskExecutorService, class com.almasb.fxgl.io.FileSystemService, class com.almasb.fxgl.localization.LocalizationService, class com.almasb.fxgl.app.services.SystemBundleService, class com.almasb.fxgl.profile.SaveLoadService, class com.almasb.fxgl.ui.FXGLUIFactoryServiceProvider, class com.almasb.fxgl.ui.FXGLDialogFactoryServiceProvider, class com.almasb.fxgl.audio.AudioPlayer, class com.almasb.fxgl.notification.impl.NotificationServiceProvider, class com.almasb.fxgl.achievement.AchievementService, class com.almasb.fxgl.cutscene.CutsceneService, class com.almasb.fxgl.minigames.MiniGameService, class com.almasb.fxgl.net.NetService, class com.almasb.fxgl.app.services.UpdaterService, class com.almasb.fxgl.dev.DevService]
16:00:21.204 [FXGL Background Thread 3 ] DEBUG Engine               - fontGame: Abel-Regular.ttf
16:00:21.204 [FXGL Background Thread 3 ] DEBUG Engine               - fontMono: lucida_console.ttf
16:00:21.204 [FXGL Background Thread 3 ] DEBUG Engine               - fontText: Courier-Prime.ttf
16:00:21.204 [FXGL Background Thread 3 ] DEBUG Engine               - fontUI: game_font.ttf
16:00:21.204 [FXGL Background Thread 3 ] DEBUG Engine               - fullScreen: BooleanProperty [value: true]
16:00:21.204 [FXGL Background Thread 3 ] DEBUG Engine               - gameDifficulty: MEDIUM
16:00:21.204 [FXGL Background Thread 3 ] DEBUG Engine               - gameDifficultyProperty: ObjectProperty [value: MEDIUM]
16:00:21.204 [FXGL Background Thread 3 ] DEBUG Engine               - globalMusicVolume: 0.5
16:00:21.204 [FXGL Background Thread 3 ] DEBUG Engine               - globalMusicVolumeProperty: DoubleProperty [value: 0.0]
16:00:21.204 [FXGL Background Thread 3 ] DEBUG Engine               - globalSoundVolume: 0.5
16:00:21.204 [FXGL Background Thread 3 ] DEBUG Engine               - globalSoundVolumeProperty: DoubleProperty [value: 0.5]
16:00:21.204 [FXGL Background Thread 3 ] DEBUG Engine               - height: 720
16:00:21.204 [FXGL Background Thread 3 ] DEBUG Engine               - is3D: false
16:00:21.204 [FXGL Background Thread 3 ] DEBUG Engine               - isAndroid: false
16:00:21.204 [FXGL Background Thread 3 ] DEBUG Engine               - isBrowser: false
16:00:21.205 [FXGL Background Thread 3 ] DEBUG Engine               - isClickFeedbackEnabled: false
16:00:21.205 [FXGL Background Thread 3 ] DEBUG Engine               - isCloseConfirmation: false
16:00:21.205 [FXGL Background Thread 3 ] DEBUG Engine               - isDesktop: true
16:00:21.205 [FXGL Background Thread 3 ] DEBUG Engine               - isDeveloperMenuEnabled: false
16:00:21.205 [FXGL Background Thread 3 ] DEBUG Engine               - isEntityPreloadEnabled: true
16:00:21.205 [FXGL Background Thread 3 ] DEBUG Engine               - isExperimentalTiledLargeMap: false
16:00:21.205 [FXGL Background Thread 3 ] DEBUG Engine               - isFileSystemWriteAllowed: true
16:00:21.205 [FXGL Background Thread 3 ] DEBUG Engine               - isFullScreenAllowed: true
16:00:21.205 [FXGL Background Thread 3 ] DEBUG Engine               - isFullScreenFromStart: true
16:00:21.205 [FXGL Background Thread 3 ] DEBUG Engine               - isGameMenuEnabled: true
16:00:21.205 [FXGL Background Thread 3 ] DEBUG Engine               - isIOS: false
16:00:21.205 [FXGL Background Thread 3 ] DEBUG Engine               - isIntroEnabled: false
16:00:21.205 [FXGL Background Thread 3 ] DEBUG Engine               - isLinux: false
16:00:21.205 [FXGL Background Thread 3 ] DEBUG Engine               - isMac: false
16:00:21.205 [FXGL Background Thread 3 ] DEBUG Engine               - isMainMenuEnabled: true
16:00:21.205 [FXGL Background Thread 3 ] DEBUG Engine               - isManualResizeEnabled: false
16:00:21.205 [FXGL Background Thread 3 ] DEBUG Engine               - isMobile: false
16:00:21.205 [FXGL Background Thread 3 ] DEBUG Engine               - isNative: false
16:00:21.205 [FXGL Background Thread 3 ] DEBUG Engine               - isPauseMusicWhenMinimized: true
16:00:21.205 [FXGL Background Thread 3 ] DEBUG Engine               - isPreserveResizeRatio: false
16:00:21.205 [FXGL Background Thread 3 ] DEBUG Engine               - isProfilingEnabled: false
16:00:21.205 [FXGL Background Thread 3 ] DEBUG Engine               - isScaleAffectedOnResize: true
16:00:21.205 [FXGL Background Thread 3 ] DEBUG Engine               - isSingleStep: false
16:00:21.205 [FXGL Background Thread 3 ] DEBUG Engine               - isUserProfileEnabled: false
16:00:21.205 [FXGL Background Thread 3 ] DEBUG Engine               - isWindows: true
16:00:21.205 [FXGL Background Thread 3 ] DEBUG Engine               - language: ObjectProperty [value: ENGLISH]
16:00:21.205 [FXGL Background Thread 3 ] DEBUG Engine               - menuKey: ESCAPE
16:00:21.205 [FXGL Background Thread 3 ] DEBUG Engine               - mouseSensitivity: 0.2
16:00:21.205 [FXGL Background Thread 3 ] DEBUG Engine               - notificationViewClass: class com.almasb.fxgl.notification.view.XboxNotificationView
16:00:21.205 [FXGL Background Thread 3 ] DEBUG Engine               - pixelsPerMeter: 50.0
16:00:21.205 [FXGL Background Thread 3 ] DEBUG Engine               - platform: WINDOWS
16:00:21.205 [FXGL Background Thread 3 ] DEBUG Engine               - prefHeightProperty: ReadOnlyDoubleProperty [value: 720.0]
16:00:21.205 [FXGL Background Thread 3 ] DEBUG Engine               - prefWidthProperty: ReadOnlyDoubleProperty [value: 1280.0]
16:00:21.206 [FXGL Background Thread 3 ] DEBUG Engine               - profileDir: profiles/
16:00:21.206 [FXGL Background Thread 3 ] DEBUG Engine               - profileName: StringProperty [value: DEFAULT]
16:00:21.206 [FXGL Background Thread 3 ] DEBUG Engine               - randomSeed: -1
16:00:21.206 [FXGL Background Thread 3 ] DEBUG Engine               - runtimeInfo: RuntimeInfo(platform=WINDOWS, version=11.17, build=16.07.2021 15.46)
16:00:21.206 [FXGL Background Thread 3 ] DEBUG Engine               - saveFileExt: sav
16:00:21.206 [FXGL Background Thread 3 ] DEBUG Engine               - scaledHeightProp$fxgl: DoubleProperty [bound, value: 864.0]
16:00:21.206 [FXGL Background Thread 3 ] DEBUG Engine               - scaledWidthProp$fxgl: DoubleProperty [bound, value: 1536.0]
16:00:21.206 [FXGL Background Thread 3 ] DEBUG Engine               - sceneFactory: Bomberman.GameApp$1@17a1909c
16:00:21.206 [FXGL Background Thread 3 ] DEBUG Engine               - secondsIn24h: 60
16:00:21.206 [FXGL Background Thread 3 ] DEBUG Engine               - soundMenuBack: menu/back.wav
16:00:21.206 [FXGL Background Thread 3 ] DEBUG Engine               - soundMenuPress: menu/press.wav
16:00:21.206 [FXGL Background Thread 3 ] DEBUG Engine               - soundMenuSelect: menu/select.wav
16:00:21.206 [FXGL Background Thread 3 ] DEBUG Engine               - soundNotification: core/notification.wav
16:00:21.206 [FXGL Background Thread 3 ] DEBUG Engine               - stageStyle: DECORATED
16:00:21.206 [FXGL Background Thread 3 ] DEBUG Engine               - supportedLanguages: [ENGLISH, FRENCH, GERMAN, HUNGARIAN, RUSSIAN]
16:00:21.206 [FXGL Background Thread 3 ] DEBUG Engine               - ticksPerSecond: -1
16:00:21.206 [FXGL Background Thread 3 ] DEBUG Engine               - title: BOMBER
 MAN
16:00:21.206 [FXGL Background Thread 3 ] DEBUG Engine               - urlGithub: https://github.com/AlmasB/FXGL
16:00:21.206 [FXGL Background Thread 3 ] DEBUG Engine               - urlLeaderboard: http://fxgl-top.herokuapp.com/
16:00:21.206 [FXGL Background Thread 3 ] DEBUG Engine               - urlPOM: https://raw.githubusercontent.com/AlmasB/FXGL/release/README.md
16:00:21.207 [FXGL Background Thread 3 ] DEBUG Engine               - userAppClass: class Bomberman.GameApp
16:00:21.207 [FXGL Background Thread 3 ] DEBUG Engine               - version: 1.0
16:00:21.207 [FXGL Background Thread 3 ] DEBUG Engine               - versionCheckDays: 7
16:00:21.207 [FXGL Background Thread 3 ] DEBUG Engine               - width: 1280
16:00:21.207 [FXGL Background Thread 3 ] DEBUG Engine               - Logging services
16:00:21.207 [FXGL Background Thread 3 ] DEBUG Engine               - class com.almasb.fxgl.app.services.FXGLAssetLoaderService
16:00:21.207 [FXGL Background Thread 3 ] DEBUG Engine               - class com.almasb.fxgl.app.FXGLApplication$GameApplicationService
16:00:21.207 [FXGL Background Thread 3 ] DEBUG Engine               - class com.almasb.fxgl.app.services.FXGLDialogService
16:00:21.207 [FXGL Background Thread 3 ] DEBUG Engine               - class com.almasb.fxgl.app.services.IOTaskExecutorService
16:00:21.207 [FXGL Background Thread 3 ] DEBUG Engine               - class com.almasb.fxgl.io.FileSystemService
16:00:21.207 [FXGL Background Thread 3 ] DEBUG Engine               - class com.almasb.fxgl.localization.LocalizationService
16:00:21.207 [FXGL Background Thread 3 ] DEBUG Engine               - class com.almasb.fxgl.app.services.SystemBundleService
16:00:21.207 [FXGL Background Thread 3 ] DEBUG Engine               - class com.almasb.fxgl.profile.SaveLoadService
16:00:21.207 [FXGL Background Thread 3 ] DEBUG Engine               - class com.almasb.fxgl.ui.FXGLUIFactoryServiceProvider
16:00:21.207 [FXGL Background Thread 3 ] DEBUG Engine               - class com.almasb.fxgl.ui.FXGLDialogFactoryServiceProvider
16:00:21.207 [FXGL Background Thread 3 ] DEBUG Engine               - class com.almasb.fxgl.audio.AudioPlayer
16:00:21.207 [FXGL Background Thread 3 ] DEBUG Engine               - class com.almasb.fxgl.notification.impl.NotificationServiceProvider
16:00:21.207 [FXGL Background Thread 3 ] DEBUG Engine               - class com.almasb.fxgl.achievement.AchievementService
16:00:21.208 [FXGL Background Thread 3 ] DEBUG Engine               - class com.almasb.fxgl.cutscene.CutsceneService
16:00:21.208 [FXGL Background Thread 3 ] DEBUG Engine               - class com.almasb.fxgl.minigames.MiniGameService
16:00:21.208 [FXGL Background Thread 3 ] DEBUG Engine               - class com.almasb.fxgl.net.NetService
16:00:21.208 [FXGL Background Thread 3 ] DEBUG Engine               - class com.almasb.fxgl.app.services.UpdaterService
16:00:21.208 [FXGL Background Thread 3 ] DEBUG Engine               - class com.almasb.fxgl.dev.DevService
16:00:23.379 [JavaFX Application Thread] DEBUG PrimaryStageWindow   - Pop state: StageStartScene
16:00:23.379 [JavaFX Application Thread] DEBUG Input                - Clearing active input actions
16:00:23.379 [JavaFX Application Thread] DEBUG GameApplicationServi - Removing overlay from StageStartScene and adding to GameScene
16:00:23.380 [JavaFX Application Thread] DEBUG PrimaryStageWindow   - GameScene <- StageStartScene
16:01:28.462 [JavaFX Application Thread] DEBUG PrimaryStageWindow   - Push state: GameMenu
16:01:28.462 [JavaFX Application Thread] DEBUG Input                - Clearing active input actions
16:01:28.463 [JavaFX Application Thread] DEBUG GameApplicationServi - Removing overlay from GameScene and adding to GameMenu
16:01:28.463 [JavaFX Application Thread] DEBUG PrimaryStageWindow   - GameScene -> GameMenu
16:01:29.595 [JavaFX Application Thread] DEBUG Menu                 - fireExitToMainMenu()
16:01:29.601 [JavaFX Application Thread] DEBUG PrimaryStageWindow   - Push state: DialogSubScene
16:01:29.601 [JavaFX Application Thread] DEBUG Input                - Clearing active input actions
16:01:29.601 [JavaFX Application Thread] DEBUG GameApplicationServi - Removing overlay from GameMenu and adding to DialogSubScene
16:01:29.601 [JavaFX Application Thread] DEBUG PrimaryStageWindow   - GameMenu -> DialogSubScene
16:01:32.110 [JavaFX Application Thread] DEBUG PrimaryStageWindow   - Pop state: DialogSubScene
16:01:32.110 [JavaFX Application Thread] DEBUG Input                - Clearing active input actions
16:01:32.110 [JavaFX Application Thread] DEBUG GameApplicationServi - Removing overlay from DialogSubScene and adding to GameMenu
16:01:32.110 [JavaFX Application Thread] DEBUG PrimaryStageWindow   - GameMenu <- DialogSubScene
16:01:32.111 [JavaFX Application Thread] DEBUG PrimaryStageWindow   - Pop state: GameMenu
16:01:32.111 [JavaFX Application Thread] DEBUG Input                - Clearing active input actions
16:01:32.111 [JavaFX Application Thread] DEBUG GameApplicationServi - Removing overlay from GameMenu and adding to GameScene
16:01:32.111 [JavaFX Application Thread] DEBUG PrimaryStageWindow   - GameScene <- GameMenu
16:01:32.111 [JavaFX Application Thread] DEBUG Input                - Clearing active input actions
16:01:32.115 [JavaFX Application Thread] DEBUG GameApplicationServi - Removing overlay from GameScene and adding to FXGLMainMenuDummyScene
16:01:32.115 [JavaFX Application Thread] DEBUG PrimaryStageWindow   - GameScene -> FXGLMainMenuDummyScene
16:01:32.115 [JavaFX Application Thread] DEBUG PrimaryStageWindow   - Push state: MainMenu
16:01:32.115 [JavaFX Application Thread] DEBUG Input                - Clearing active input actions
16:01:32.115 [JavaFX Application Thread] DEBUG GameApplicationServi - Removing overlay from FXGLMainMenuDummyScene and adding to MainMenu
16:01:32.115 [JavaFX Application Thread] DEBUG PrimaryStageWindow   - FXGLMainMenuDummyScene -> MainMenu
16:03:05.942 [JavaFX Application Thread] DEBUG Menu                 - fireExit()
16:03:05.944 [JavaFX Application Thread] DEBUG PrimaryStageWindow   - Push state: DialogSubScene
16:03:05.944 [JavaFX Application Thread] DEBUG Input                - Clearing active input actions
16:03:05.944 [JavaFX Application Thread] DEBUG GameApplicationServi - Removing overlay from MainMenu and adding to DialogSubScene
16:03:05.945 [JavaFX Application Thread] DEBUG PrimaryStageWindow   - MainMenu -> DialogSubScene
16:03:06.868 [JavaFX Application Thread] DEBUG PrimaryStageWindow   - Pop state: DialogSubScene
16:03:06.868 [JavaFX Application Thread] DEBUG Input                - Clearing active input actions
16:03:06.868 [JavaFX Application Thread] DEBUG GameApplicationServi - Removing overlay from DialogSubScene and adding to MainMenu
16:03:06.869 [JavaFX Application Thread] DEBUG PrimaryStageWindow   - MainMenu <- DialogSubScene
16:03:08.883 [JavaFX Application Thread] DEBUG Menu                 - fireExit()
16:03:08.884 [JavaFX Application Thread] DEBUG PrimaryStageWindow   - Push state: DialogSubScene
16:03:08.884 [JavaFX Application Thread] DEBUG Input                - Clearing active input actions
16:03:08.884 [JavaFX Application Thread] DEBUG GameApplicationServi - Removing overlay from MainMenu and adding to DialogSubScene
16:03:08.884 [JavaFX Application Thread] DEBUG PrimaryStageWindow   - MainMenu -> DialogSubScene
16:03:09.436 [JavaFX Application Thread] DEBUG PrimaryStageWindow   - Pop state: DialogSubScene
16:03:09.436 [JavaFX Application Thread] DEBUG Input                - Clearing active input actions
16:03:09.436 [JavaFX Application Thread] DEBUG GameApplicationServi - Removing overlay from DialogSubScene and adding to MainMenu
16:03:09.436 [JavaFX Application Thread] DEBUG PrimaryStageWindow   - MainMenu <- DialogSubScene
16:03:10.164 [JavaFX Application Thread] DEBUG Menu                 - fireExit()
16:03:10.164 [JavaFX Application Thread] DEBUG PrimaryStageWindow   - Push state: DialogSubScene
16:03:10.164 [JavaFX Application Thread] DEBUG Input                - Clearing active input actions
16:03:10.165 [JavaFX Application Thread] DEBUG GameApplicationServi - Removing overlay from MainMenu and adding to DialogSubScene
16:03:10.165 [JavaFX Application Thread] DEBUG PrimaryStageWindow   - MainMenu -> DialogSubScene
16:03:10.740 [JavaFX Application Thread] DEBUG PrimaryStageWindow   - Pop state: DialogSubScene
16:03:10.740 [JavaFX Application Thread] DEBUG Input                - Clearing active input actions
16:03:10.740 [JavaFX Application Thread] DEBUG GameApplicationServi - Removing overlay from DialogSubScene and adding to MainMenu
16:03:10.740 [JavaFX Application Thread] DEBUG PrimaryStageWindow   - MainMenu <- DialogSubScene
16:03:10.740 [JavaFX Application Thread] DEBUG FXGLApplication      - Exiting FXGL
16:03:10.740 [JavaFX Application Thread] DEBUG LoopRunner           - Stopping loop
16:03:10.740 [JavaFX Application Thread] DEBUG SystemBundleService  - Saving FXGL system data
16:03:10.742 [JavaFX Application Thread] DEBUG FileSystemAccess     - Writing to: C:\Users\THANG\Documents\GitHub\Bomberman-master\system\fxgl.bundle
16:03:10.743 [JavaFX Application Thread] DEBUG Async                - Shutting down background threads
16:03:10.743 [JavaFX Application Thread] DEBUG PrimaryStageWindow   - Closing main window
16:03:10.764 [JavaFX Application Thread] DEBUG Logger               - Closing Logger
