15:50:59.283 [main                     ] DEBUG Logger               - Configured Logger
15:50:59.287 [main                     ] DEBUG GameApplication      - Logging settings
Title: BOMBER
 MAN
Version: 1.0
Width: 1280
Height: 720
Fullscreen: true
Intro: false
Profiling: false
Single step:false
App Mode: DEVELOPER
Menu Key: ESCAPE
Stage Style: DECORATED
Scene Factory: class Bomberman.GameApp$1

15:50:59.948 [JavaFX Application Thread] DEBUG FXGLApplication      - Initializing FXGL
15:50:59.950 [JavaFX Application Thread] INFO  Engine               - FXGL-11.17 (16.07.2021 15.46) on WINDOWS (J:17.0.4.1 FX:16)
15:50:59.955 [JavaFX Application Thread] DEBUG Engine               - JRE Vendor Name: Eclipse Adoptium
15:50:59.955 [JavaFX Application Thread] DEBUG Engine               - Running on OS: Windows 11 version 10.0
15:50:59.955 [JavaFX Application Thread] DEBUG Engine               - Architecture: amd64
15:50:59.956 [JavaFX Application Thread] INFO  Engine               - Source code and latest versions at: https://github.com/AlmasB/FXGL
15:50:59.956 [JavaFX Application Thread] INFO  Engine               -              Join the FXGL chat at: https://gitter.im/AlmasB/FXGL
15:51:00.084 [JavaFX Application Thread] DEBUG PrimaryStageWindow   - Creating a JavaFX scene
15:51:00.130 [JavaFX Application Thread] DEBUG PrimaryStageWindow   - Target settings size: 1280.0 x 720.0
15:51:00.130 [JavaFX Application Thread] DEBUG PrimaryStageWindow   - Scaled scene size:    1280.0 x 720.0
15:51:00.130 [JavaFX Application Thread] DEBUG PrimaryStageWindow   - Scaled ratio: (1.0, 1.0)
15:51:00.131 [JavaFX Application Thread] DEBUG PrimaryStageWindow   - Set initial scene to FXGLStartupScene
15:51:00.140 [JavaFX Application Thread] DEBUG PrimaryStageWindow   - Opening main window
15:51:00.254 [JavaFX Application Thread] DEBUG PrimaryStageWindow   - Window border size: (14.4000244140625, 37.5999755859375)
15:51:00.254 [JavaFX Application Thread] DEBUG PrimaryStageWindow   - Scaled size: 1280.0 x 720.0
15:51:00.254 [JavaFX Application Thread] DEBUG PrimaryStageWindow   - Scaled ratio: (1.0, 1.0)
15:51:00.254 [JavaFX Application Thread] DEBUG PrimaryStageWindow   - Scene size: 1280.0 x 720.0
15:51:00.254 [JavaFX Application Thread] DEBUG PrimaryStageWindow   - Stage size: 1294.4000244140625 x 757.5999755859375
15:51:00.364 [JavaFX Application Thread] DEBUG PrimaryStageWindow   - Going fullscreen
15:51:00.379 [FXGL Background Thread 1 ] DEBUG Engine               - Initializing environment variables
15:51:00.471 [FXGL Background Thread 1 ] DEBUG FXGLAssetLoaderServi - User app class for loading assets: class Bomberman.GameApp
15:51:00.472 [FXGL Background Thread 1 ] DEBUG GameApplicationServi - Applying CSS: fxgl_dark.css
15:51:00.474 [FXGL Background Thread 1 ] DEBUG FXGLAssetLoaderServi - Loading from file system: jar:file:/C:/Users/THANG/.m2/repository/com/github/almasb/fxgl/11.17/fxgl-11.17.jar!/fxglassets/ui/css/fxgl_dark.css
15:51:00.538 [FXGL Background Thread 1 ] DEBUG GameApplicationServi - Initializing application scenes
15:51:00.599 [FXGL Background Thread 1 ] DEBUG GameWorld            - Game world initialized
15:51:00.680 [FXGL Background Thread 1 ] DEBUG PhysicsWorld         - Physics world initialized: appHeight=720, physics.ppm=50.0
15:51:00.681 [FXGL Background Thread 1 ] DEBUG PhysicsWorld         - Using strategy: BRUTE_FORCE
15:51:00.684 [FXGL Background Thread 1 ] DEBUG GameScene            - Game scene initialized: 1280x720
15:51:00.823 [FXGL Background Thread 1 ] DEBUG GameApplicationServi - Application scenes initialized
15:51:00.836 [FXGL Background Thread 1 ] DEBUG SystemBundleService  - Loading FXGL system data
15:51:00.842 [FXGL Background Thread 1 ] DEBUG FileSystemAccess     - Reading from: C:\Users\THANG\Documents\GitHub\Bomberman-master\system\fxgl.bundle
15:51:00.850 [FXGL Background Thread 1 ] DEBUG SystemBundleService  - Bundle FXGL: {}
15:51:00.851 [FXGL Background Thread 1 ] DEBUG UpdaterService       - Checking for updates
15:51:00.859 [FXGL Background Thread 4 ] DEBUG FXGLApplication      - Loading fonts
15:51:00.859 [FXGL Background Thread 4 ] DEBUG FXGLAssetLoaderServi - Loading from file system: file:/C:/Users/THANG/Documents/GitHub/Bomberman-master/target/classes/assets/ui/fonts/game_font.ttf
15:51:00.860 [FXGL Background Thread 1 ] DEBUG FXGLApplication      - Loading default localization
15:51:00.860 [FXGL Background Thread 1 ] DEBUG FXGLAssetLoaderServi - Loading from file system: jar:file:/C:/Users/THANG/.m2/repository/com/github/almasb/fxgl/11.17/fxgl-11.17.jar!/fxglassets/languages/english.lang
15:51:00.885 [FXGL Background Thread 1 ] INFO  FXGLApplication      - FXGL initialization took: 0.506 sec
15:51:00.900 [JavaFX Application Thread] DEBUG Input                - Registered new binding: Move Up - W
15:51:00.901 [JavaFX Application Thread] DEBUG Input                - Registered new binding: Move Down - S
15:51:00.901 [JavaFX Application Thread] DEBUG Input                - Registered new binding: Move Left - A
15:51:00.901 [JavaFX Application Thread] DEBUG Input                - Registered new binding: Move Right - D
15:51:00.901 [JavaFX Application Thread] DEBUG Input                - Registered new binding: Place Bomb - Space
15:51:00.902 [JavaFX Application Thread] DEBUG FXGLAssetLoaderServi - Loading from file system: file:/C:/Users/THANG/Documents/GitHub/Bomberman-master/target/classes/assets/music/stage_theme.mp3
15:51:01.010 [FXGL Background Thread 4 ] DEBUG FXGLAssetLoaderServi - Loading from file system: jar:file:/C:/Users/THANG/.m2/repository/com/github/almasb/fxgl/11.17/fxgl-11.17.jar!/fxglassets/ui/fonts/Abel-Regular.ttf
15:51:01.016 [FXGL Background Thread 4 ] DEBUG FXGLAssetLoaderServi - Loading from file system: jar:file:/C:/Users/THANG/.m2/repository/com/github/almasb/fxgl/11.17/fxgl-11.17.jar!/fxglassets/ui/fonts/lucida_console.ttf
15:51:01.022 [FXGL Background Thread 4 ] DEBUG FXGLAssetLoaderServi - Loading from file system: jar:file:/C:/Users/THANG/.m2/repository/com/github/almasb/fxgl/11.17/fxgl-11.17.jar!/fxglassets/ui/fonts/Courier-Prime.ttf
15:51:01.086 [JavaFX Application Thread] DEBUG AudioPlayer          - Playing music com.almasb.fxgl.audio.Music@52083b0b
15:51:01.087 [JavaFX Application Thread] DEBUG FXGLAssetLoaderServi - Loading from file system: jar:file:/C:/Users/THANG/.m2/repository/com/github/almasb/fxgl/11.17/fxgl-11.17.jar!/fxglassets/textures/fxgl_icon.png
15:51:01.117 [JavaFX Application Thread] DEBUG FXGLAssetLoaderServi - Loading from file system: jar:file:/C:/Users/THANG/.m2/repository/com/github/almasb/fxgl/11.17/fxgl-11.17.jar!/fxglassets/textures/fxgl_default_cursor.png
15:51:01.124 [JavaFX Application Thread] DEBUG Input                - Registered new binding: Screenshot - CTRL+8
15:51:01.125 [JavaFX Application Thread] DEBUG Input                - Registered new binding: System info dump - CTRL+9
15:51:01.125 [JavaFX Application Thread] DEBUG Input                - Registered new binding: Restart - CTRL+R
15:51:01.127 [JavaFX Application Thread] DEBUG Input                - Registered new binding: Toggle Debug Camera - CTRL+C
15:51:01.135 [JavaFX Application Thread] DEBUG LoopRunner           - Starting loop
15:51:01.135 [JavaFX Application Thread] DEBUG LoopRunner           - Initializing JavaFX AnimationTimerLoop
15:51:01.138 [JavaFX Application Thread] DEBUG Input                - Clearing active input actions
15:51:01.146 [JavaFX Application Thread] DEBUG GameApplicationServi - Removing overlay from FXGLStartupScene and adding to FXGLMainMenuDummyScene
15:51:01.147 [JavaFX Application Thread] DEBUG PrimaryStageWindow   - FXGLStartupScene -> FXGLMainMenuDummyScene
15:51:01.147 [JavaFX Application Thread] DEBUG PrimaryStageWindow   - Push state: MainMenu
15:51:01.147 [JavaFX Application Thread] DEBUG Input                - Clearing active input actions
15:51:01.155 [JavaFX Application Thread] DEBUG GameApplicationServi - Removing overlay from FXGLMainMenuDummyScene and adding to MainMenu
15:51:01.156 [JavaFX Application Thread] DEBUG PrimaryStageWindow   - FXGLMainMenuDummyScene -> MainMenu
15:51:01.156 [JavaFX Application Thread] DEBUG FXGLApplication      - Registering font factories with UI factory
15:51:01.434 [FXGL Background Thread 2 ] INFO  UpdaterService       - Your current version:  11.17
15:51:01.437 [FXGL Background Thread 2 ] INFO  UpdaterService       - Latest stable version: 17.2
15:51:02.419 [JavaFX Application Thread] DEBUG Menu                 - fireNewGame()
15:51:02.419 [JavaFX Application Thread] DEBUG GameApplicationServi - Starting new game
15:51:02.419 [JavaFX Application Thread] DEBUG PrimaryStageWindow   - Pop state: MainMenu
15:51:02.419 [JavaFX Application Thread] DEBUG Input                - Clearing active input actions
15:51:02.419 [JavaFX Application Thread] DEBUG GameApplicationServi - Removing overlay from MainMenu and adding to FXGLMainMenuDummyScene
15:51:02.420 [JavaFX Application Thread] DEBUG PrimaryStageWindow   - FXGLMainMenuDummyScene <- MainMenu
15:51:02.420 [JavaFX Application Thread] DEBUG Input                - Clearing active input actions
15:51:02.425 [JavaFX Application Thread] DEBUG GameApplicationServi - Removing overlay from FXGLMainMenuDummyScene and adding to FXGLLoadingScene
15:51:02.425 [JavaFX Application Thread] DEBUG PrimaryStageWindow   - FXGLMainMenuDummyScene -> FXGLLoadingScene
15:51:02.425 [JavaFX Application Thread] DEBUG GameApplicationServi - Clearing previous game
15:51:02.426 [JavaFX Application Thread] DEBUG GameScene            - Clearing game scene
15:51:02.426 [JavaFX Application Thread] DEBUG GameWorld            - Clearing game world
15:51:02.426 [JavaFX Application Thread] DEBUG PhysicsWorld         - Clearing physics world
15:51:02.427 [FXGL Background Thread 2 ] DEBUG FXGLApplication      - Initializing game
15:51:02.457 [FXGL Background Thread 2 ] WARN  TMXLevelLoader       - TiledMap generated from 1.7.2. Supported version: 1.2.3. Some features may not be parsed fully.
15:51:02.481 [FXGL Background Thread 2 ] DEBUG TMXLevelLoader       - Parsed TiledMap: file:/C:/Users/THANG/Documents/GitHub/Bomberman-master/target/classes/assets/levels/level1.tmx
15:51:02.483 [FXGL Background Thread 2 ] DEBUG TMXLevelLoader       - Creating tile layer entities
15:51:02.485 [FXGL Background Thread 2 ] DEBUG TilesetLoader        - Loading view for layer Tile Layer 1
15:51:02.489 [FXGL Background Thread 2 ] DEBUG TilesetLoader        - Created buffer with size 1488.0x720.0
15:51:02.514 [FXGL Background Thread 2 ] DEBUG TMXLevelLoader       - Creating object layer entities
15:51:02.546 [FXGL Background Thread 2 ] DEBUG FXGLAssetLoaderServi - Loading from file system: file:/C:/Users/THANG/Documents/GitHub/Bomberman-master/target/classes/assets/textures/player_die.png
15:51:02.549 [FXGL Background Thread 2 ] DEBUG FXGLAssetLoaderServi - Loading from file system: file:/C:/Users/THANG/Documents/GitHub/Bomberman-master/target/classes/assets/textures/player_down.png
15:51:02.550 [FXGL Background Thread 2 ] DEBUG FXGLAssetLoaderServi - Loading from file system: file:/C:/Users/THANG/Documents/GitHub/Bomberman-master/target/classes/assets/textures/player_right.png
15:51:02.551 [FXGL Background Thread 2 ] DEBUG FXGLAssetLoaderServi - Loading from file system: file:/C:/Users/THANG/Documents/GitHub/Bomberman-master/target/classes/assets/textures/player_up.png
15:51:02.552 [FXGL Background Thread 2 ] DEBUG FXGLAssetLoaderServi - Loading from file system: file:/C:/Users/THANG/Documents/GitHub/Bomberman-master/target/classes/assets/textures/player_left.png
15:51:02.557 [FXGL Background Thread 2 ] DEBUG FXGLAssetLoaderServi - Loading from file system: file:/C:/Users/THANG/Documents/GitHub/Bomberman-master/target/classes/assets/textures/enemy1.png
15:51:02.593 [FXGL Background Thread 2 ] DEBUG FXGLAssetLoaderServi - Loading from file system: file:/C:/Users/THANG/Documents/GitHub/Bomberman-master/target/classes/assets/textures/enemy2.png
15:51:02.598 [FXGL Background Thread 2 ] DEBUG FXGLAssetLoaderServi - Loading from file system: file:/C:/Users/THANG/Documents/GitHub/Bomberman-master/target/classes/assets/textures/brick.png
15:51:02.608 [FXGL Background Thread 2 ] DEBUG FXGLAssetLoaderServi - Loading from file system: file:/C:/Users/THANG/Documents/GitHub/Bomberman-master/target/classes/assets/textures/powerup_speed.png
15:51:02.609 [FXGL Background Thread 2 ] DEBUG FXGLAssetLoaderServi - Loading from file system: file:/C:/Users/THANG/Documents/GitHub/Bomberman-master/target/classes/assets/textures/powerup_bombs.png
15:51:02.639 [FXGL Background Thread 2 ] DEBUG GameWorld            - Clearing removable entities
15:51:02.639 [FXGL Background Thread 2 ] DEBUG GameWorld            - Setting level: com.almasb.fxgl.entity.level.Level@3330ad42
15:51:02.703 [FXGL Background Thread 2 ] INFO  FXGLApplication      - Game initialization took: 0.276 sec
15:51:02.711 [JavaFX Application Thread] DEBUG Input                - Clearing active input actions
15:51:02.729 [JavaFX Application Thread] DEBUG GameApplicationServi - Removing overlay from FXGLLoadingScene and adding to GameScene
15:51:02.729 [JavaFX Application Thread] DEBUG PrimaryStageWindow   - FXGLLoadingScene -> GameScene
15:51:02.738 [JavaFX Application Thread] DEBUG FXGLAssetLoaderServi - Loading from file system: file:/C:/Users/THANG/Documents/GitHub/Bomberman-master/target/classes/assets/sounds/stage_start.wav
15:51:02.752 [JavaFX Application Thread] DEBUG PrimaryStageWindow   - Push state: StageStartScene
15:51:02.752 [JavaFX Application Thread] DEBUG Input                - Clearing active input actions
15:51:02.752 [JavaFX Application Thread] DEBUG GameApplicationServi - Removing overlay from GameScene and adding to StageStartScene
15:51:02.753 [JavaFX Application Thread] DEBUG PrimaryStageWindow   - GameScene -> StageStartScene
15:51:03.858 [FXGL Background Thread 3 ] DEBUG Engine               - Logging environment variables
15:51:03.859 [FXGL Background Thread 3 ] DEBUG Engine               - achievements: []
15:51:03.859 [FXGL Background Thread 3 ] DEBUG Engine               - actualHeight: 864.0
15:51:03.859 [FXGL Background Thread 3 ] DEBUG Engine               - actualHeightProperty: ReadOnlyDoubleProperty [value: 864.0]
15:51:03.859 [FXGL Background Thread 3 ] DEBUG Engine               - actualWidth: 1536.0
15:51:03.859 [FXGL Background Thread 3 ] DEBUG Engine               - actualWidthProperty: ReadOnlyDoubleProperty [value: 1536.0]
15:51:03.859 [FXGL Background Thread 3 ] DEBUG Engine               - appIcon: fxgl_icon.png
15:51:03.859 [FXGL Background Thread 3 ] DEBUG Engine               - applicationMode: DEVELOPER
15:51:03.859 [FXGL Background Thread 3 ] DEBUG Engine               - cSSList: [fxgl_dark.css]
15:51:03.859 [FXGL Background Thread 3 ] DEBUG Engine               - collisionDetectionStrategy: BRUTE_FORCE
15:51:03.859 [FXGL Background Thread 3 ] DEBUG Engine               - configClass: Optional.empty
15:51:03.859 [FXGL Background Thread 3 ] DEBUG Engine               - credits: []
15:51:03.859 [FXGL Background Thread 3 ] DEBUG Engine               - defaultCursor: CursorInfo(imageName=fxgl_default_cursor.png, hotspotX=7.0, hotspotY=6.0)
15:51:03.860 [FXGL Background Thread 3 ] DEBUG Engine               - devBBoxColorProperty: ObjectProperty [value: 0xff0000ff]
15:51:03.860 [FXGL Background Thread 3 ] DEBUG Engine               - devEnableDebugCameraProperty: BooleanProperty [value: false]
15:51:03.860 [FXGL Background Thread 3 ] DEBUG Engine               - devSensorColorProperty: ObjectProperty [value: 0xffff00ff]
15:51:03.860 [FXGL Background Thread 3 ] DEBUG Engine               - devShowBBoxProperty: BooleanProperty [value: false]
15:51:03.860 [FXGL Background Thread 3 ] DEBUG Engine               - devShowPositionProperty: BooleanProperty [value: false]
15:51:03.860 [FXGL Background Thread 3 ] DEBUG Engine               - enabledMenuItems: []
15:51:03.860 [FXGL Background Thread 3 ] DEBUG Engine               - engineServices: [class com.almasb.fxgl.app.services.FXGLAssetLoaderService, class com.almasb.fxgl.app.FXGLApplication$GameApplicationService, class com.almasb.fxgl.app.services.FXGLDialogService, class com.almasb.fxgl.app.services.IOTaskExecutorService, class com.almasb.fxgl.io.FileSystemService, class com.almasb.fxgl.localization.LocalizationService, class com.almasb.fxgl.app.services.SystemBundleService, class com.almasb.fxgl.profile.SaveLoadService, class com.almasb.fxgl.ui.FXGLUIFactoryServiceProvider, class com.almasb.fxgl.ui.FXGLDialogFactoryServiceProvider, class com.almasb.fxgl.audio.AudioPlayer, class com.almasb.fxgl.notification.impl.NotificationServiceProvider, class com.almasb.fxgl.achievement.AchievementService, class com.almasb.fxgl.cutscene.CutsceneService, class com.almasb.fxgl.minigames.MiniGameService, class com.almasb.fxgl.net.NetService, class com.almasb.fxgl.app.services.UpdaterService, class com.almasb.fxgl.dev.DevService]
15:51:03.860 [FXGL Background Thread 3 ] DEBUG Engine               - fontGame: Abel-Regular.ttf
15:51:03.860 [FXGL Background Thread 3 ] DEBUG Engine               - fontMono: lucida_console.ttf
15:51:03.860 [FXGL Background Thread 3 ] DEBUG Engine               - fontText: Courier-Prime.ttf
15:51:03.860 [FXGL Background Thread 3 ] DEBUG Engine               - fontUI: game_font.ttf
15:51:03.860 [FXGL Background Thread 3 ] DEBUG Engine               - fullScreen: BooleanProperty [value: true]
15:51:03.860 [FXGL Background Thread 3 ] DEBUG Engine               - gameDifficulty: MEDIUM
15:51:03.861 [FXGL Background Thread 3 ] DEBUG Engine               - gameDifficultyProperty: ObjectProperty [value: MEDIUM]
15:51:03.861 [FXGL Background Thread 3 ] DEBUG Engine               - globalMusicVolume: 0.5
15:51:03.861 [FXGL Background Thread 3 ] DEBUG Engine               - globalMusicVolumeProperty: DoubleProperty [value: 0.0]
15:51:03.861 [FXGL Background Thread 3 ] DEBUG Engine               - globalSoundVolume: 0.5
15:51:03.861 [FXGL Background Thread 3 ] DEBUG Engine               - globalSoundVolumeProperty: DoubleProperty [value: 0.5]
15:51:03.861 [FXGL Background Thread 3 ] DEBUG Engine               - height: 720
15:51:03.861 [FXGL Background Thread 3 ] DEBUG Engine               - is3D: false
15:51:03.861 [FXGL Background Thread 3 ] DEBUG Engine               - isAndroid: false
15:51:03.861 [FXGL Background Thread 3 ] DEBUG Engine               - isBrowser: false
15:51:03.861 [FXGL Background Thread 3 ] DEBUG Engine               - isClickFeedbackEnabled: false
15:51:03.861 [FXGL Background Thread 3 ] DEBUG Engine               - isCloseConfirmation: false
15:51:03.861 [FXGL Background Thread 3 ] DEBUG Engine               - isDesktop: true
15:51:03.861 [FXGL Background Thread 3 ] DEBUG Engine               - isDeveloperMenuEnabled: false
15:51:03.861 [FXGL Background Thread 3 ] DEBUG Engine               - isEntityPreloadEnabled: true
15:51:03.861 [FXGL Background Thread 3 ] DEBUG Engine               - isExperimentalTiledLargeMap: false
15:51:03.861 [FXGL Background Thread 3 ] DEBUG Engine               - isFileSystemWriteAllowed: true
15:51:03.862 [FXGL Background Thread 3 ] DEBUG Engine               - isFullScreenAllowed: true
15:51:03.862 [FXGL Background Thread 3 ] DEBUG Engine               - isFullScreenFromStart: true
15:51:03.862 [FXGL Background Thread 3 ] DEBUG Engine               - isGameMenuEnabled: true
15:51:03.862 [FXGL Background Thread 3 ] DEBUG Engine               - isIOS: false
15:51:03.862 [FXGL Background Thread 3 ] DEBUG Engine               - isIntroEnabled: false
15:51:03.862 [FXGL Background Thread 3 ] DEBUG Engine               - isLinux: false
15:51:03.862 [FXGL Background Thread 3 ] DEBUG Engine               - isMac: false
15:51:03.862 [FXGL Background Thread 3 ] DEBUG Engine               - isMainMenuEnabled: true
15:51:03.862 [FXGL Background Thread 3 ] DEBUG Engine               - isManualResizeEnabled: false
15:51:03.862 [FXGL Background Thread 3 ] DEBUG Engine               - isMobile: false
15:51:03.862 [FXGL Background Thread 3 ] DEBUG Engine               - isNative: false
15:51:03.862 [FXGL Background Thread 3 ] DEBUG Engine               - isPauseMusicWhenMinimized: true
15:51:03.862 [FXGL Background Thread 3 ] DEBUG Engine               - isPreserveResizeRatio: false
15:51:03.862 [FXGL Background Thread 3 ] DEBUG Engine               - isProfilingEnabled: false
15:51:03.862 [FXGL Background Thread 3 ] DEBUG Engine               - isScaleAffectedOnResize: true
15:51:03.862 [FXGL Background Thread 3 ] DEBUG Engine               - isSingleStep: false
15:51:03.862 [FXGL Background Thread 3 ] DEBUG Engine               - isUserProfileEnabled: false
15:51:03.862 [FXGL Background Thread 3 ] DEBUG Engine               - isWindows: true
15:51:03.862 [FXGL Background Thread 3 ] DEBUG Engine               - language: ObjectProperty [value: ENGLISH]
15:51:03.863 [FXGL Background Thread 3 ] DEBUG Engine               - menuKey: ESCAPE
15:51:03.863 [FXGL Background Thread 3 ] DEBUG Engine               - mouseSensitivity: 0.2
15:51:03.863 [FXGL Background Thread 3 ] DEBUG Engine               - notificationViewClass: class com.almasb.fxgl.notification.view.XboxNotificationView
15:51:03.863 [FXGL Background Thread 3 ] DEBUG Engine               - pixelsPerMeter: 50.0
15:51:03.863 [FXGL Background Thread 3 ] DEBUG Engine               - platform: WINDOWS
15:51:03.863 [FXGL Background Thread 3 ] DEBUG Engine               - prefHeightProperty: ReadOnlyDoubleProperty [value: 720.0]
15:51:03.863 [FXGL Background Thread 3 ] DEBUG Engine               - prefWidthProperty: ReadOnlyDoubleProperty [value: 1280.0]
15:51:03.863 [FXGL Background Thread 3 ] DEBUG Engine               - profileDir: profiles/
15:51:03.863 [FXGL Background Thread 3 ] DEBUG Engine               - profileName: StringProperty [value: DEFAULT]
15:51:03.863 [FXGL Background Thread 3 ] DEBUG Engine               - randomSeed: -1
15:51:03.863 [FXGL Background Thread 3 ] DEBUG Engine               - runtimeInfo: RuntimeInfo(platform=WINDOWS, version=11.17, build=16.07.2021 15.46)
15:51:03.863 [FXGL Background Thread 3 ] DEBUG Engine               - saveFileExt: sav
15:51:03.863 [FXGL Background Thread 3 ] DEBUG Engine               - scaledHeightProp$fxgl: DoubleProperty [bound, value: 864.0]
15:51:03.863 [FXGL Background Thread 3 ] DEBUG Engine               - scaledWidthProp$fxgl: DoubleProperty [bound, value: 1536.0]
15:51:03.863 [FXGL Background Thread 3 ] DEBUG Engine               - sceneFactory: Bomberman.GameApp$1@1a251797
15:51:03.864 [FXGL Background Thread 3 ] DEBUG Engine               - secondsIn24h: 60
15:51:03.864 [FXGL Background Thread 3 ] DEBUG Engine               - soundMenuBack: menu/back.wav
15:51:03.864 [FXGL Background Thread 3 ] DEBUG Engine               - soundMenuPress: menu/press.wav
15:51:03.864 [FXGL Background Thread 3 ] DEBUG Engine               - soundMenuSelect: menu/select.wav
15:51:03.864 [FXGL Background Thread 3 ] DEBUG Engine               - soundNotification: core/notification.wav
15:51:03.864 [FXGL Background Thread 3 ] DEBUG Engine               - stageStyle: DECORATED
15:51:03.864 [FXGL Background Thread 3 ] DEBUG Engine               - supportedLanguages: [ENGLISH, FRENCH, GERMAN, HUNGARIAN, RUSSIAN]
15:51:03.864 [FXGL Background Thread 3 ] DEBUG Engine               - ticksPerSecond: -1
15:51:03.864 [FXGL Background Thread 3 ] DEBUG Engine               - title: BOMBER
 MAN
15:51:03.864 [FXGL Background Thread 3 ] DEBUG Engine               - urlGithub: https://github.com/AlmasB/FXGL
15:51:03.864 [FXGL Background Thread 3 ] DEBUG Engine               - urlLeaderboard: http://fxgl-top.herokuapp.com/
15:51:03.864 [FXGL Background Thread 3 ] DEBUG Engine               - urlPOM: https://raw.githubusercontent.com/AlmasB/FXGL/release/README.md
15:51:03.864 [FXGL Background Thread 3 ] DEBUG Engine               - userAppClass: class Bomberman.GameApp
15:51:03.864 [FXGL Background Thread 3 ] DEBUG Engine               - version: 1.0
15:51:03.864 [FXGL Background Thread 3 ] DEBUG Engine               - versionCheckDays: 7
15:51:03.864 [FXGL Background Thread 3 ] DEBUG Engine               - width: 1280
15:51:03.864 [FXGL Background Thread 3 ] DEBUG Engine               - Logging services
15:51:03.864 [FXGL Background Thread 3 ] DEBUG Engine               - class com.almasb.fxgl.app.services.FXGLAssetLoaderService
15:51:03.865 [FXGL Background Thread 3 ] DEBUG Engine               - class com.almasb.fxgl.app.FXGLApplication$GameApplicationService
15:51:03.865 [FXGL Background Thread 3 ] DEBUG Engine               - class com.almasb.fxgl.app.services.FXGLDialogService
15:51:03.865 [FXGL Background Thread 3 ] DEBUG Engine               - class com.almasb.fxgl.app.services.IOTaskExecutorService
15:51:03.865 [FXGL Background Thread 3 ] DEBUG Engine               - class com.almasb.fxgl.io.FileSystemService
15:51:03.865 [FXGL Background Thread 3 ] DEBUG Engine               - class com.almasb.fxgl.localization.LocalizationService
15:51:03.865 [FXGL Background Thread 3 ] DEBUG Engine               - class com.almasb.fxgl.app.services.SystemBundleService
15:51:03.865 [FXGL Background Thread 3 ] DEBUG Engine               - class com.almasb.fxgl.profile.SaveLoadService
15:51:03.865 [FXGL Background Thread 3 ] DEBUG Engine               - class com.almasb.fxgl.ui.FXGLUIFactoryServiceProvider
15:51:03.865 [FXGL Background Thread 3 ] DEBUG Engine               - class com.almasb.fxgl.ui.FXGLDialogFactoryServiceProvider
15:51:03.865 [FXGL Background Thread 3 ] DEBUG Engine               - class com.almasb.fxgl.audio.AudioPlayer
15:51:03.865 [FXGL Background Thread 3 ] DEBUG Engine               - class com.almasb.fxgl.notification.impl.NotificationServiceProvider
15:51:03.865 [FXGL Background Thread 3 ] DEBUG Engine               - class com.almasb.fxgl.achievement.AchievementService
15:51:03.865 [FXGL Background Thread 3 ] DEBUG Engine               - class com.almasb.fxgl.cutscene.CutsceneService
15:51:03.865 [FXGL Background Thread 3 ] DEBUG Engine               - class com.almasb.fxgl.minigames.MiniGameService
15:51:03.865 [FXGL Background Thread 3 ] DEBUG Engine               - class com.almasb.fxgl.net.NetService
15:51:03.865 [FXGL Background Thread 3 ] DEBUG Engine               - class com.almasb.fxgl.app.services.UpdaterService
15:51:03.865 [FXGL Background Thread 3 ] DEBUG Engine               - class com.almasb.fxgl.dev.DevService
15:51:06.781 [JavaFX Application Thread] DEBUG PrimaryStageWindow   - Pop state: StageStartScene
15:51:06.781 [JavaFX Application Thread] DEBUG Input                - Clearing active input actions
15:51:06.781 [JavaFX Application Thread] DEBUG GameApplicationServi - Removing overlay from StageStartScene and adding to GameScene
15:51:06.782 [JavaFX Application Thread] DEBUG PrimaryStageWindow   - GameScene <- StageStartScene
15:51:07.767 [JavaFX Application Thread] DEBUG PrimaryStageWindow   - Push state: GameMenu
15:51:07.767 [JavaFX Application Thread] DEBUG Input                - Clearing active input actions
15:51:07.767 [JavaFX Application Thread] DEBUG GameApplicationServi - Removing overlay from GameScene and adding to GameMenu
15:51:07.768 [JavaFX Application Thread] DEBUG PrimaryStageWindow   - GameScene -> GameMenu
15:51:08.554 [JavaFX Application Thread] DEBUG Menu                 - fireExit()
15:51:08.562 [JavaFX Application Thread] DEBUG PrimaryStageWindow   - Push state: DialogSubScene
15:51:08.562 [JavaFX Application Thread] DEBUG Input                - Clearing active input actions
15:51:08.562 [JavaFX Application Thread] DEBUG GameApplicationServi - Removing overlay from GameMenu and adding to DialogSubScene
15:51:08.563 [JavaFX Application Thread] DEBUG PrimaryStageWindow   - GameMenu -> DialogSubScene
15:51:09.217 [JavaFX Application Thread] DEBUG PrimaryStageWindow   - Pop state: DialogSubScene
15:51:09.217 [JavaFX Application Thread] DEBUG Input                - Clearing active input actions
15:51:09.218 [JavaFX Application Thread] DEBUG GameApplicationServi - Removing overlay from DialogSubScene and adding to GameMenu
15:51:09.218 [JavaFX Application Thread] DEBUG PrimaryStageWindow   - GameMenu <- DialogSubScene
15:51:09.219 [JavaFX Application Thread] DEBUG FXGLApplication      - Exiting FXGL
15:51:09.219 [JavaFX Application Thread] DEBUG LoopRunner           - Stopping loop
15:51:09.219 [JavaFX Application Thread] DEBUG SystemBundleService  - Saving FXGL system data
15:51:09.221 [JavaFX Application Thread] DEBUG FileSystemAccess     - Writing to: C:\Users\THANG\Documents\GitHub\Bomberman-master\system\fxgl.bundle
15:51:09.223 [JavaFX Application Thread] DEBUG Async                - Shutting down background threads
15:51:09.223 [JavaFX Application Thread] DEBUG PrimaryStageWindow   - Closing main window
15:51:09.270 [JavaFX Application Thread] DEBUG Logger               - Closing Logger
